#
# A fatal error has been detected by the Java Runtime Environment:
#
#  EXCEPTION_ACCESS_VIOLATION (0xc0000005) at pc=0x00007ffb7d6c5569, pid=1920, tid=5564
#
# JRE version: OpenJDK Runtime Environment (11.0.12+7) (build 11.0.12+7-b1504.28-7817840)
# Java VM: OpenJDK 64-Bit Server VM (11.0.12+7-b1504.28-7817840, mixed mode, tiered, compressed oops, g1 gc, windows-amd64)
# Problematic frame:
# V  [jvm.dll+0x4f5569]
#
# No core dump will be written. Minidumps are not enabled by default on client versions of Windows
#
# If you would like to submit a bug report, please visit:
#   https://bugreport.java.com/bugreport/crash.jsp
#

---------------  S U M M A R Y ------------

Command Line: --add-opens=java.base/java.util=ALL-UNNAMED --add-opens=java.base/java.lang=ALL-UNNAMED --add-opens=java.base/java.lang.invoke=ALL-UNNAMED --add-opens=java.base/java.util=ALL-UNNAMED --add-opens=java.prefs/java.util.prefs=ALL-UNNAMED --add-opens=java.prefs/java.util.prefs=ALL-UNNAMED --add-opens=java.base/java.nio.charset=ALL-UNNAMED --add-opens=java.base/java.net=ALL-UNNAMED --add-opens=java.base/java.util.concurrent.atomic=ALL-UNNAMED -Xmx2048m -Dfile.encoding=UTF-8 -Duser.country=BR -Duser.language=pt -Duser.variant org.gradle.launcher.daemon.bootstrap.GradleDaemon 7.0.2

Host: Intel(R) Core(TM) i5-3210M CPU @ 2.50GHz, 4 cores, 7G,  Windows 10 , 64 bit Build 19041 (10.0.19041.1806)
Time: Thu Aug 11 13:56:19 2022 Hora oficial do Brasil elapsed time: 34.317882 seconds (0d 0h 0m 34s)

---------------  T H R E A D  ---------------

Current thread (0x000001d266655000):  JavaThread "C2 CompilerThread1" daemon [_thread_in_native, id=5564, stack(0x0000001cb3600000,0x0000001cb3700000)]


Current CompileTask:
C2:  34318 11655   !   4       java.nio.file.FileTreeWalker::visit (204 bytes)

Stack: [0x0000001cb3600000,0x0000001cb3700000],  sp=0x0000001cb36fbf40,  free space=1007k
Native frames: (J=compiled Java code, j=interpreted, Vv=VM code, C=native code)
V  [jvm.dll+0x4f5569]
V  [jvm.dll+0x19cb35]
V  [jvm.dll+0x20070e]
V  [jvm.dll+0x1ff794]
V  [jvm.dll+0x18868c]
V  [jvm.dll+0x20e0d7]
V  [jvm.dll+0x20c901]
V  [jvm.dll+0x6f9b7f]
V  [jvm.dll+0x6f26a5]
V  [jvm.dll+0x5fabf6]
C  [ucrtbase.dll+0x21bb2]
C  [KERNEL32.DLL+0x17034]
C  [ntdll.dll+0x52651]


siginfo: EXCEPTION_ACCESS_VIOLATION (0xc0000005), reading address 0x0000000000000000


Register to memory mapping:

RIP=0x00007ffb7d6c5569 jvm.dll
RAX=0x000001d26c0658f0 points into unknown readable memory: 0x00007ffb7dbdc898 | 98 c8 bd 7d fb 7f 00 00
RBX=0x0000001cb36fc130 is pointing into the stack for thread: 0x000001d266655000
RCX=0x0 is NULL
RDX=0x0000000000000001 is an unknown value
RSP=0x0000001cb36fbf40 is pointing into the stack for thread: 0x000001d266655000
RBP=0x0000000000000008 is an unknown value
RSI=0x0 is NULL
RDI=0x0000000002000000 is an unknown value
R8 =0x0 is NULL
R9 =0x0000001cb36fbf90 is pointing into the stack for thread: 0x000001d266655000
R10=0x000001d26c0658e0 points into unknown readable memory: 0x000001d200000000 | 00 00 00 00 d2 01 00 00
R11=0x00007ffb7dbdc898 jvm.dll
R12=0x000001d26bad9b00 points into unknown readable memory: 0x00007ffb7d9c54c8 | c8 54 9c 7d fb 7f 00 00
R13=0x000001d26baeede0 points into unknown readable memory: 0x00007ffb7d9c9818 | 18 98 9c 7d fb 7f 00 00
R14=0x000001d26baeede0 points into unknown readable memory: 0x00007ffb7d9c9818 | 18 98 9c 7d fb 7f 00 00
R15=0x000001d268b75110 points into unknown readable memory: 0x000000000000001d | 1d 00 00 00 00 00 00 00


Registers:
RAX=0x000001d26c0658f0, RBX=0x0000001cb36fc130, RCX=0x0000000000000000, RDX=0x0000000000000001
RSP=0x0000001cb36fbf40, RBP=0x0000000000000008, RSI=0x0000000000000000, RDI=0x0000000002000000
R8 =0x0000000000000000, R9 =0x0000001cb36fbf90, R10=0x000001d26c0658e0, R11=0x00007ffb7dbdc898
R12=0x000001d26bad9b00, R13=0x000001d26baeede0, R14=0x000001d26baeede0, R15=0x000001d268b75110
RIP=0x00007ffb7d6c5569, EFLAGS=0x0000000000010246

Top of Stack: (sp=0x0000001cb36fbf40)
0x0000001cb36fbf40:   0000001cb36fc130 0000001cb36fc130
0x0000001cb36fbf50:   0000000000000008 0000000000000001
0x0000001cb36fbf60:   000001d26771f3e8 000001d269059a50
0x0000001cb36fbf70:   000001d267f28670 000001d267f30140
0x0000001cb36fbf80:   0000000000284428 000001d267f30658
0x0000001cb36fbf90:   00007ffb7da4fad8 000001d269059a50
0x0000001cb36fbfa0:   0000000000000040 000001d268b77b90
0x0000001cb36fbfb0:   0000001cb36fc0c0 000001d2637278a0
0x0000001cb36fbfc0:   000001d2637278b0 0000000000000008
0x0000001cb36fbfd0:   00000000000003d8 000001d263727c88
0x0000001cb36fbfe0:   0000001cb36fc548 0000001cb36fc100
0x0000001cb36fbff0:   0000001cb36fc460 00007ffb7d36cb35
0x0000001cb36fc000:   0000001c00000005 0000001c00000006
0x0000001cb36fc010:   0000001c00000304 000001d26c0658e0
0x0000001cb36fc020:   000000000000c300 0000000000000000
0x0000001cb36fc030:   0000001c00000006 000001d2637278a0 

Instructions: (pc=0x00007ffb7d6c5569)
0x00007ffb7d6c5469:   00 e8 41 2b 16 00 4c 8b f8 48 8b c8 eb 0e 49 8b
0x00007ffb7d6c5479:   87 98 00 00 00 49 8b cf 48 89 43 30 4c 8b 06 8b
0x00007ffb7d6c5489:   53 50 4d 8b 80 78 02 00 00 e8 09 b2 e6 ff 41 8b
0x00007ffb7d6c5499:   4d 4c 4c 8d 1d f6 73 51 00 48 8b 43 28 ff c9 4c
0x00007ffb7d6c54a9:   89 3c c8 41 8b 45 4c 45 8b 65 28 ff c8 44 89 a4
0x00007ffb7d6c54b9:   24 c8 00 00 00 4c 8d 14 80 49 c1 e2 05 4c 03 53
0x00007ffb7d6c54c9:   20 4c 89 94 24 d8 00 00 00 41 83 fc 01 0f 86 ab
0x00007ffb7d6c54d9:   01 00 00 0f 1f 40 00 41 8d 44 24 ff 89 84 24 c0
0x00007ffb7d6c54e9:   00 00 00 41 3b 45 18 73 0c 8b c8 49 8b 45 20 4c
0x00007ffb7d6c54f9:   8b 24 c8 eb 03 45 33 e4 41 8b 44 24 2c 83 e0 0f
0x00007ffb7d6c5509:   3c 0c 0f 84 6e 01 00 00 48 8b 43 48 49 63 54 24
0x00007ffb7d6c5519:   28 48 8b 48 18 8b 3c 91 85 ff 74 57 49 8b 42 08
0x00007ffb7d6c5529:   8b cf 48 c1 e9 08 8b f7 4c 8b 04 c8 4d 3b c3 75
0x00007ffb7d6c5539:   1c 8b d7 49 8b ca e8 ac af e6 ff 4c 8b 94 24 d8
0x00007ffb7d6c5549:   00 00 00 4c 8d 1d 45 73 51 00 4c 8b c0 48 c1 ee
0x00007ffb7d6c5559:   05 8b cf 83 e6 07 83 e1 1f ba 01 00 00 00 d3 e2
0x00007ffb7d6c5569:   41 8b 0c b0 8b c1 0b c2 41 89 04 b0 85 ca 75 03
0x00007ffb7d6c5579:   41 ff 02 49 8b 47 08 48 8b d7 48 c1 ea 08 4c 8b
0x00007ffb7d6c5589:   cf 49 c1 e9 05 83 e7 1f 41 83 e1 07 40 0f b6 cf
0x00007ffb7d6c5599:   4c 8b 04 d0 ba 01 00 00 00 d3 e2 8b c2 f7 d0 43
0x00007ffb7d6c55a9:   8b 0c 88 23 c1 43 89 04 88 85 ca 74 03 41 ff 0f
0x00007ffb7d6c55b9:   41 8b 44 24 18 83 f8 01 0f 86 94 00 00 00 41 be
0x00007ffb7d6c55c9:   08 00 00 00 8d 68 ff 49 8b 44 24 08 49 8b 0c 06
0x00007ffb7d6c55d9:   48 8b 43 40 8b 51 28 48 8b 48 78 4c 39 2c d1 74
0x00007ffb7d6c55e9:   63 48 8b 43 48 48 63 d2 48 8b 48 18 8b 3c 91 85
0x00007ffb7d6c55f9:   ff 74 51 49 8b 47 08 8b d7 48 c1 ea 08 8b f7 4c
0x00007ffb7d6c5609:   8b 04 d0 4d 3b c3 75 14 8b d7 49 8b cf e8 d5 ae
0x00007ffb7d6c5619:   e6 ff 4c 8b c0 4c 8d 1d 73 72 51 00 48 c1 ee 05
0x00007ffb7d6c5629:   83 e7 1f 83 e6 07 40 0f b6 cf ba 01 00 00 00 d3
0x00007ffb7d6c5639:   e2 41 8b 0c b0 8b c1 0b c2 41 89 04 b0 85 ca 75
0x00007ffb7d6c5649:   03 41 ff 07 49 83 c6 08 48 83 ed 01 0f 85 75 ff
0x00007ffb7d6c5659:   ff ff 44 8b a4 24 c0 00 00 00 4c 8b 94 24 d8 00 


Stack slot to memory mapping:
stack at sp + 0 slots: 0x0000001cb36fc130 is pointing into the stack for thread: 0x000001d266655000
stack at sp + 1 slots: 0x0000001cb36fc130 is pointing into the stack for thread: 0x000001d266655000
stack at sp + 2 slots: 0x0000000000000008 is an unknown value
stack at sp + 3 slots: 0x0000000000000001 is an unknown value
stack at sp + 4 slots: 0x000001d26771f3e8 points into unknown readable memory: 0x000001d266655000 | 00 50 65 66 d2 01 00 00
stack at sp + 5 slots: 0x000001d269059a50 points into unknown readable memory: 0x40019e0100000006 | 06 00 00 00 01 9e 01 40
stack at sp + 6 slots: 0x000001d267f28670 points into unknown readable memory: 0x000001d26c037ed0 | d0 7e 03 6c d2 01 00 00
stack at sp + 7 slots: 0x000001d267f30140 points into unknown readable memory: 0x000001d26633c5e0 | e0 c5 33 66 d2 01 00 00


---------------  P R O C E S S  ---------------

Threads class SMR info:
_java_thread_list=0x000001d26750fac0, length=55, elements={
0x000001d247bcf800, 0x000001d2617cc800, 0x000001d2617ce000, 0x000001d262025800,
0x000001d262027000, 0x000001d26202b800, 0x000001d262032800, 0x000001d262033800,
0x000001d26203f000, 0x000001d2621b1000, 0x000001d263d04000, 0x000001d2625e7000,
0x000001d26390f000, 0x000001d26457f000, 0x000001d2643a7000, 0x000001d263992000,
0x000001d2636f8000, 0x000001d263ca4000, 0x000001d265a43800, 0x000001d2642ab800,
0x000001d2642ac000, 0x000001d2642ad000, 0x000001d2642a9000, 0x000001d2642a8000,
0x000001d2642aa800, 0x000001d2642ae000, 0x000001d2642aa000, 0x000001d2642ae800,
0x000001d265870000, 0x000001d265872000, 0x000001d265873800, 0x000001d265874800,
0x000001d265876000, 0x000001d265871000, 0x000001d265875000, 0x000001d26587c800,
0x000001d265878800, 0x000001d26587d000, 0x000001d265879000, 0x000001d265877800,
0x000001d26587a000, 0x000001d26587f000, 0x000001d26587e000, 0x000001d2621c0000,
0x000001d2621c1000, 0x000001d2621c3800, 0x000001d2621be800, 0x000001d2621c2800,
0x000001d2621c4000, 0x000001d2621c5000, 0x000001d2621c1800, 0x000001d2621bf000,
0x000001d2621c5800, 0x000001d2621ca800, 0x000001d266655000
}

Java Threads: ( => current thread )
  0x000001d247bcf800 JavaThread "main" [_thread_blocked, id=8768, stack(0x0000001cb1500000,0x0000001cb1600000)]
  0x000001d2617cc800 JavaThread "Reference Handler" daemon [_thread_blocked, id=5912, stack(0x0000001cb1c00000,0x0000001cb1d00000)]
  0x000001d2617ce000 JavaThread "Finalizer" daemon [_thread_blocked, id=8308, stack(0x0000001cb1d00000,0x0000001cb1e00000)]
  0x000001d262025800 JavaThread "Signal Dispatcher" daemon [_thread_blocked, id=8488, stack(0x0000001cb1e00000,0x0000001cb1f00000)]
  0x000001d262027000 JavaThread "Attach Listener" daemon [_thread_blocked, id=5504, stack(0x0000001cb1f00000,0x0000001cb2000000)]
  0x000001d26202b800 JavaThread "Service Thread" daemon [_thread_blocked, id=2452, stack(0x0000001cb2000000,0x0000001cb2100000)]
  0x000001d262032800 JavaThread "C2 CompilerThread0" daemon [_thread_in_native, id=740, stack(0x0000001cb2100000,0x0000001cb2200000)]
  0x000001d262033800 JavaThread "C1 CompilerThread0" daemon [_thread_blocked, id=1324, stack(0x0000001cb2200000,0x0000001cb2300000)]
  0x000001d26203f000 JavaThread "Sweeper thread" daemon [_thread_blocked, id=1472, stack(0x0000001cb2300000,0x0000001cb2400000)]
  0x000001d2621b1000 JavaThread "Common-Cleaner" daemon [_thread_blocked, id=1192, stack(0x0000001cb2400000,0x0000001cb2500000)]
  0x000001d263d04000 JavaThread "Daemon health stats" [_thread_blocked, id=5720, stack(0x0000001cb2900000,0x0000001cb2a00000)]
  0x000001d2625e7000 JavaThread "Incoming local TCP Connector on port 49927" [_thread_in_native, id=5708, stack(0x0000001cb2600000,0x0000001cb2700000)]
  0x000001d26390f000 JavaThread "Daemon periodic checks" [_thread_blocked, id=5704, stack(0x0000001cb2a00000,0x0000001cb2b00000)]
  0x000001d26457f000 JavaThread "Daemon" [_thread_blocked, id=5696, stack(0x0000001cb2b00000,0x0000001cb2c00000)]
  0x000001d2643a7000 JavaThread "Handler for socket connection from /127.0.0.1:49927 to /127.0.0.1:49928" [_thread_in_native, id=5700, stack(0x0000001cb2c00000,0x0000001cb2d00000)]
  0x000001d263992000 JavaThread "Cancel handler" [_thread_blocked, id=5688, stack(0x0000001cb2d00000,0x0000001cb2e00000)]
  0x000001d2636f8000 JavaThread "Daemon worker" [_thread_blocked, id=5684, stack(0x0000001cb2e00000,0x0000001cb2f00000)]
  0x000001d263ca4000 JavaThread "Asynchronous log dispatcher for DefaultDaemonConnection: socket connection from /127.0.0.1:49927 to /127.0.0.1:49928" [_thread_blocked, id=6560, stack(0x0000001cb2f00000,0x0000001cb3000000)]
  0x000001d265a43800 JavaThread "Stdin handler" [_thread_blocked, id=5480, stack(0x0000001cb3000000,0x0000001cb3100000)]
  0x000001d2642ab800 JavaThread "Daemon client event forwarder" [_thread_blocked, id=4488, stack(0x0000001cb3100000,0x0000001cb3200000)]
  0x000001d2642ac000 JavaThread "Cache worker for file hash cache (C:\Users\user\.gradle\caches\7.0.2\fileHashes)" [_thread_blocked, id=8228, stack(0x0000001cb3200000,0x0000001cb3300000)]
  0x000001d2642ad000 JavaThread "File lock request listener" [_thread_in_native, id=9732, stack(0x0000001cb3400000,0x0000001cb3500000)]
  0x000001d2642a9000 JavaThread "Cache worker for journal cache (C:\Users\user\.gradle\caches\journal-1)" [_thread_blocked, id=7844, stack(0x0000001cb3500000,0x0000001cb3600000)]
  0x000001d2642a8000 JavaThread "Cache worker for file hash cache (C:\Users\user\Desktop\Bible-Quizz\.gradle\7.0.2\fileHashes)" [_thread_blocked, id=3476, stack(0x0000001cb3700000,0x0000001cb3800000)]
  0x000001d2642aa800 JavaThread "File watcher server" daemon [_thread_in_native, id=5652, stack(0x0000001cb3800000,0x0000001cb3900000)]
  0x000001d2642ae000 JavaThread "File watcher consumer" daemon [_thread_blocked, id=4880, stack(0x0000001cb3900000,0x0000001cb3a00000)]
  0x000001d2642aa000 JavaThread "Cache worker for checksums cache (C:\Users\user\Desktop\Bible-Quizz\.gradle\checksums)" [_thread_blocked, id=5668, stack(0x0000001cb3a00000,0x0000001cb3b00000)]
  0x000001d2642ae800 JavaThread "Cache worker for cache directory md-supplier (C:\Users\user\.gradle\caches\7.0.2\md-supplier)" [_thread_blocked, id=9924, stack(0x0000001cb3b00000,0x0000001cb3c00000)]
  0x000001d265870000 JavaThread "Cache worker for cache directory md-rule (C:\Users\user\.gradle\caches\7.0.2\md-rule)" [_thread_blocked, id=9272, stack(0x0000001cb3c00000,0x0000001cb3d00000)]
  0x000001d265872000 JavaThread "Cache worker for execution history cache (C:\Users\user\.gradle\caches\7.0.2\executionHistory)" [_thread_blocked, id=1768, stack(0x0000001cb3d00000,0x0000001cb3e00000)]
  0x000001d265873800 JavaThread "jar transforms" [_thread_blocked, id=5544, stack(0x0000001cb3e00000,0x0000001cb3f00000)]
  0x000001d265874800 JavaThread "jar transforms Thread 2" [_thread_blocked, id=5952, stack(0x0000001cb3f00000,0x0000001cb4000000)]
  0x000001d265876000 JavaThread "Cache worker for file content cache (C:\Users\user\.gradle\caches\7.0.2\fileContent)" [_thread_blocked, id=4688, stack(0x0000001cb4000000,0x0000001cb4100000)]
  0x000001d265871000 JavaThread "Cache worker for dependencies-accessors (C:\Users\user\Desktop\Bible-Quizz\.gradle\7.0.2\dependencies-accessors)" [_thread_blocked, id=3828, stack(0x0000001cb4100000,0x0000001cb4200000)]
  0x000001d265875000 JavaThread "jar transforms Thread 3" [_thread_blocked, id=2032, stack(0x0000001cb4200000,0x0000001cb4300000)]
  0x000001d26587c800 JavaThread "Cache worker for Build Output Cleanup Cache (C:\Users\user\Desktop\Bible-Quizz\.gradle\buildOutputCleanup)" [_thread_blocked, id=1240, stack(0x0000001cb4300000,0x0000001cb4400000)]
  0x000001d265878800 JavaThread "Build operations" [_thread_blocked, id=5536, stack(0x0000001cb4400000,0x0000001cb4500000)]
  0x000001d26587d000 JavaThread "Build operations Thread 2" [_thread_blocked, id=2876, stack(0x0000001cb4500000,0x0000001cb4600000)]
  0x000001d265879000 JavaThread "Build operations Thread 3" [_thread_blocked, id=3660, stack(0x0000001cb4600000,0x0000001cb4700000)]
  0x000001d265877800 JavaThread "Build operations Thread 4" [_thread_blocked, id=7820, stack(0x0000001cb4700000,0x0000001cb4800000)]
  0x000001d26587a000 JavaThread "jar transforms Thread 4" [_thread_blocked, id=9856, stack(0x0000001cb4800000,0x0000001cb4900000)]
  0x000001d26587f000 JavaThread "Memory manager" [_thread_blocked, id=9444, stack(0x0000001cb4900000,0x0000001cb4a00000)]
  0x000001d26587e000 JavaThread "build event listener" [_thread_blocked, id=3508, stack(0x0000001cb4a00000,0x0000001cb4b00000)]
  0x000001d2621c0000 JavaThread "Execution worker for ':'" [_thread_blocked, id=5920, stack(0x0000001cb4b00000,0x0000001cb4c00000)]
  0x000001d2621c1000 JavaThread "Execution worker for ':' Thread 2" [_thread_in_native, id=9436, stack(0x0000001cb4c00000,0x0000001cb4d00000)]
  0x000001d2621c3800 JavaThread "Execution worker for ':' Thread 3" [_thread_blocked, id=1804, stack(0x0000001cb4d00000,0x0000001cb4e00000)]
  0x000001d2621be800 JavaThread "Cache worker for execution history cache (C:\Users\user\Desktop\Bible-Quizz\.gradle\7.0.2\executionHistory)" [_thread_blocked, id=7596, stack(0x0000001cb4e00000,0x0000001cb4f00000)]
  0x000001d2621c2800 JavaThread "WorkerExecutor Queue" [_thread_blocked, id=7116, stack(0x0000001cb5000000,0x0000001cb5100000)]
  0x000001d2621c4000 JavaThread "WorkerExecutor Queue Thread 2" [_thread_blocked, id=9640, stack(0x0000001cb5100000,0x0000001cb5200000)]
  0x000001d2621c5000 JavaThread "pool-3-thread-1" [_thread_blocked, id=7188, stack(0x0000001cb5200000,0x0000001cb5300000)]
  0x000001d2621c1800 JavaThread "stderr" [_thread_in_native, id=1072, stack(0x0000001cb5300000,0x0000001cb5400000)]
  0x000001d2621bf000 JavaThread "stdout" [_thread_in_native, id=3480, stack(0x0000001cb5400000,0x0000001cb5500000)]
  0x000001d2621c5800 JavaThread "Cache worker for Java compile cache (C:\Users\user\.gradle\caches\7.0.2\javaCompile)" [_thread_blocked, id=5344, stack(0x0000001cb5700000,0x0000001cb5800000)]
  0x000001d2621ca800 JavaThread "Cache worker for Java compile cache (C:\Users\user\Desktop\Bible-Quizz\.gradle\7.0.2\javaCompile)" [_thread_blocked, id=5460, stack(0x0000001cb5800000,0x0000001cb5900000)]
=>0x000001d266655000 JavaThread "C2 CompilerThread1" daemon [_thread_in_native, id=5564, stack(0x0000001cb3600000,0x0000001cb3700000)]

Other Threads:
  0x000001d2617c8800 VMThread "VM Thread" [stack: 0x0000001cb1b00000,0x0000001cb1c00000] [id=8384]
  0x000001d2621ee800 WatcherThread [stack: 0x0000001cb2500000,0x0000001cb2600000] [id=1380]
  0x000001d247be5800 GCTaskThread "GC Thread#0" [stack: 0x0000001cb1600000,0x0000001cb1700000] [id=1088]
  0x000001d2628ee000 GCTaskThread "GC Thread#1" [stack: 0x0000001cb2700000,0x0000001cb2800000] [id=5740]
  0x000001d26259d000 GCTaskThread "GC Thread#2" [stack: 0x0000001cb2800000,0x0000001cb2900000] [id=5736]
  0x000001d264b3f000 GCTaskThread "GC Thread#3" [stack: 0x0000001cb3300000,0x0000001cb3400000] [id=5476]
  0x000001d247c16800 ConcurrentGCThread "G1 Main Marker" [stack: 0x0000001cb1700000,0x0000001cb1800000] [id=5392]
  0x000001d247c19000 ConcurrentGCThread "G1 Conc#0" [stack: 0x0000001cb1800000,0x0000001cb1900000] [id=7800]
  0x000001d247c6e800 ConcurrentGCThread "G1 Refine#0" [stack: 0x0000001cb1900000,0x0000001cb1a00000] [id=4512]
  0x000001d269182000 ConcurrentGCThread "G1 Refine#1" [stack: 0x0000001cb4f00000,0x0000001cb5000000] [id=3920]
  0x000001d26160c800 ConcurrentGCThread "G1 Young RemSet Sampling" [stack: 0x0000001cb1a00000,0x0000001cb1b00000] [id=4820]

Threads with active compile tasks:
C2 CompilerThread0  34434 11652   !   4       java.nio.file.FileTreeWalker::next (144 bytes)
C2 CompilerThread1  34434 11655   !   4       java.nio.file.FileTreeWalker::visit (204 bytes)

VM state:not at safepoint (normal execution)

VM Mutex/Monitor currently owned by a thread: None

Heap address: 0x0000000080000000, size: 2048 MB, Compressed Oops mode: 32-bit
Narrow klass base: 0x0000000000000000, Narrow klass shift: 3
Compressed class space size: 1073741824 Address: 0x0000000100000000

Heap:
 garbage-first heap   total 227328K, used 144501K [0x0000000080000000, 0x0000000100000000)
  region size 1024K, 59 young (60416K), 8 survivors (8192K)
 Metaspace       used 95916K, capacity 98156K, committed 98380K, reserved 1134592K
  class space    used 12255K, capacity 13064K, committed 13132K, reserved 1048576K
Heap Regions: E=young(eden), S=young(survivor), O=old, HS=humongous(starts), HC=humongous(continues), CS=collection set, F=free, A=archive, TAMS=top-at-mark-start (previous, next)
|   0|0x0000000080000000, 0x0000000080100000, 0x0000000080100000|100%| O|  |TAMS 0x0000000080100000, 0x0000000080000000| Untracked 
|   1|0x0000000080100000, 0x0000000080200000, 0x0000000080200000|100%| O|  |TAMS 0x0000000080200000, 0x0000000080100000| Untracked 
|   2|0x0000000080200000, 0x0000000080300000, 0x0000000080300000|100%| O|  |TAMS 0x0000000080300000, 0x0000000080200000| Untracked 
|   3|0x0000000080300000, 0x0000000080400000, 0x0000000080400000|100%|HS|  |TAMS 0x0000000080400000, 0x0000000080300000| Complete 
|   4|0x0000000080400000, 0x0000000080500000, 0x0000000080500000|100%|HC|  |TAMS 0x0000000080500000, 0x0000000080400000| Complete 
|   5|0x0000000080500000, 0x0000000080600000, 0x0000000080600000|100%|HC|  |TAMS 0x0000000080600000, 0x0000000080500000| Complete 
|   6|0x0000000080600000, 0x0000000080700000, 0x0000000080700000|100%| O|  |TAMS 0x0000000080700000, 0x0000000080600000| Untracked 
|   7|0x0000000080700000, 0x0000000080800000, 0x0000000080800000|100%| O|  |TAMS 0x0000000080800000, 0x0000000080700000| Untracked 
|   8|0x0000000080800000, 0x0000000080900000, 0x0000000080900000|100%| O|  |TAMS 0x0000000080900000, 0x0000000080800000| Untracked 
|   9|0x0000000080900000, 0x0000000080a00000, 0x0000000080a00000|100%| O|  |TAMS 0x0000000080a00000, 0x0000000080900000| Untracked 
|  10|0x0000000080a00000, 0x0000000080b00000, 0x0000000080b00000|100%| O|  |TAMS 0x0000000080b00000, 0x0000000080a00000| Untracked 
|  11|0x0000000080b00000, 0x0000000080c00000, 0x0000000080c00000|100%| O|  |TAMS 0x0000000080c00000, 0x0000000080b00000| Untracked 
|  12|0x0000000080c00000, 0x0000000080d00000, 0x0000000080d00000|100%| O|  |TAMS 0x0000000080d00000, 0x0000000080c00000| Untracked 
|  13|0x0000000080d00000, 0x0000000080e00000, 0x0000000080e00000|100%| O|  |TAMS 0x0000000080e00000, 0x0000000080d00000| Untracked 
|  14|0x0000000080e00000, 0x0000000080f00000, 0x0000000080f00000|100%| O|  |TAMS 0x0000000080f00000, 0x0000000080e00000| Untracked 
|  15|0x0000000080f00000, 0x0000000081000000, 0x0000000081000000|100%| O|  |TAMS 0x0000000081000000, 0x0000000080f00000| Untracked 
|  16|0x0000000081000000, 0x0000000081100000, 0x0000000081100000|100%|HS|  |TAMS 0x0000000081100000, 0x0000000081000000| Complete 
|  17|0x0000000081100000, 0x0000000081200000, 0x0000000081200000|100%| O|  |TAMS 0x0000000081200000, 0x0000000081100000| Untracked 
|  18|0x0000000081200000, 0x0000000081300000, 0x0000000081300000|100%| O|  |TAMS 0x0000000081300000, 0x0000000081200000| Untracked 
|  19|0x0000000081300000, 0x0000000081400000, 0x0000000081400000|100%| O|  |TAMS 0x0000000081400000, 0x0000000081300000| Untracked 
|  20|0x0000000081400000, 0x0000000081500000, 0x0000000081500000|100%| O|  |TAMS 0x0000000081500000, 0x0000000081400000| Untracked 
|  21|0x0000000081500000, 0x0000000081600000, 0x0000000081600000|100%| O|  |TAMS 0x0000000081600000, 0x0000000081500000| Untracked 
|  22|0x0000000081600000, 0x0000000081700000, 0x0000000081700000|100%| O|  |TAMS 0x0000000081700000, 0x0000000081600000| Untracked 
|  23|0x0000000081700000, 0x0000000081800000, 0x0000000081800000|100%|HS|  |TAMS 0x0000000081800000, 0x0000000081700000| Complete 
|  24|0x0000000081800000, 0x0000000081900000, 0x0000000081900000|100%|HS|  |TAMS 0x0000000081900000, 0x0000000081800000| Complete 
|  25|0x0000000081900000, 0x0000000081a00000, 0x0000000081a00000|100%|HC|  |TAMS 0x0000000081a00000, 0x0000000081900000| Complete 
|  26|0x0000000081a00000, 0x0000000081b00000, 0x0000000081b00000|100%| O|  |TAMS 0x0000000081b00000, 0x0000000081a00000| Untracked 
|  27|0x0000000081b00000, 0x0000000081c00000, 0x0000000081c00000|100%| O|  |TAMS 0x0000000081c00000, 0x0000000081b00000| Untracked 
|  28|0x0000000081c00000, 0x0000000081d00000, 0x0000000081d00000|100%| O|  |TAMS 0x0000000081d00000, 0x0000000081c00000| Untracked 
|  29|0x0000000081d00000, 0x0000000081e00000, 0x0000000081e00000|100%| O|  |TAMS 0x0000000081e00000, 0x0000000081d00000| Untracked 
|  30|0x0000000081e00000, 0x0000000081f00000, 0x0000000081f00000|100%| O|  |TAMS 0x0000000081f00000, 0x0000000081e00000| Untracked 
|  31|0x0000000081f00000, 0x0000000082000000, 0x0000000082000000|100%| O|  |TAMS 0x0000000082000000, 0x0000000081f00000| Untracked 
|  32|0x0000000082000000, 0x0000000082100000, 0x0000000082100000|100%| O|  |TAMS 0x0000000082100000, 0x0000000082000000| Untracked 
|  33|0x0000000082100000, 0x0000000082200000, 0x0000000082200000|100%| O|  |TAMS 0x0000000082200000, 0x0000000082100000| Untracked 
|  34|0x0000000082200000, 0x0000000082300000, 0x0000000082300000|100%| O|  |TAMS 0x0000000082300000, 0x0000000082200000| Untracked 
|  35|0x0000000082300000, 0x0000000082400000, 0x0000000082400000|100%| O|  |TAMS 0x0000000082400000, 0x0000000082300000| Untracked 
|  36|0x0000000082400000, 0x0000000082500000, 0x0000000082500000|100%| O|  |TAMS 0x0000000082500000, 0x0000000082400000| Untracked 
|  37|0x0000000082500000, 0x0000000082600000, 0x0000000082600000|100%| O|  |TAMS 0x0000000082600000, 0x0000000082500000| Untracked 
|  38|0x0000000082600000, 0x0000000082700000, 0x0000000082700000|100%| O|  |TAMS 0x0000000082700000, 0x0000000082600000| Untracked 
|  39|0x0000000082700000, 0x0000000082800000, 0x0000000082800000|100%| O|  |TAMS 0x0000000082800000, 0x0000000082700000| Untracked 
|  40|0x0000000082800000, 0x0000000082900000, 0x0000000082900000|100%| O|  |TAMS 0x0000000082900000, 0x0000000082800000| Untracked 
|  41|0x0000000082900000, 0x0000000082a00000, 0x0000000082a00000|100%| O|  |TAMS 0x0000000082963200, 0x0000000082900000| Untracked 
|  42|0x0000000082a00000, 0x0000000082b00000, 0x0000000082b00000|100%| O|  |TAMS 0x0000000082a00000, 0x0000000082a00000| Untracked 
|  43|0x0000000082b00000, 0x0000000082c00000, 0x0000000082c00000|100%| O|  |TAMS 0x0000000082b00000, 0x0000000082b00000| Untracked 
|  44|0x0000000082c00000, 0x0000000082d00000, 0x0000000082d00000|100%| O|  |TAMS 0x0000000082c00000, 0x0000000082c00000| Untracked 
|  45|0x0000000082d00000, 0x0000000082e00000, 0x0000000082e00000|100%| O|  |TAMS 0x0000000082d00000, 0x0000000082d00000| Untracked 
|  46|0x0000000082e00000, 0x0000000082f00000, 0x0000000082f00000|100%| O|  |TAMS 0x0000000082e00000, 0x0000000082e00000| Untracked 
|  47|0x0000000082f00000, 0x0000000083000000, 0x0000000083000000|100%| O|  |TAMS 0x0000000082f00000, 0x0000000082f00000| Untracked 
|  48|0x0000000083000000, 0x0000000083100000, 0x0000000083100000|100%| O|  |TAMS 0x0000000083000000, 0x0000000083000000| Untracked 
|  49|0x0000000083100000, 0x0000000083200000, 0x0000000083200000|100%| O|  |TAMS 0x0000000083100000, 0x0000000083100000| Untracked 
|  50|0x0000000083200000, 0x0000000083300000, 0x0000000083300000|100%| O|  |TAMS 0x0000000083200000, 0x0000000083200000| Untracked 
|  51|0x0000000083300000, 0x0000000083400000, 0x0000000083400000|100%| O|  |TAMS 0x0000000083300000, 0x0000000083300000| Untracked 
|  52|0x0000000083400000, 0x0000000083500000, 0x0000000083500000|100%| O|  |TAMS 0x0000000083400000, 0x0000000083400000| Untracked 
|  53|0x0000000083500000, 0x0000000083600000, 0x0000000083600000|100%| O|  |TAMS 0x0000000083500000, 0x0000000083500000| Untracked 
|  54|0x0000000083600000, 0x0000000083700000, 0x0000000083700000|100%| O|  |TAMS 0x0000000083600000, 0x0000000083600000| Untracked 
|  55|0x0000000083700000, 0x0000000083800000, 0x0000000083800000|100%| O|  |TAMS 0x0000000083700000, 0x0000000083700000| Untracked 
|  56|0x0000000083800000, 0x0000000083900000, 0x0000000083900000|100%| O|  |TAMS 0x0000000083800000, 0x0000000083800000| Untracked 
|  57|0x0000000083900000, 0x0000000083a00000, 0x0000000083a00000|100%| O|  |TAMS 0x0000000083900000, 0x0000000083900000| Untracked 
|  58|0x0000000083a00000, 0x0000000083b00000, 0x0000000083b00000|100%| O|  |TAMS 0x0000000083a00000, 0x0000000083a00000| Untracked 
|  59|0x0000000083b00000, 0x0000000083c00000, 0x0000000083c00000|100%| O|  |TAMS 0x0000000083b00000, 0x0000000083b00000| Untracked 
|  60|0x0000000083c00000, 0x0000000083d00000, 0x0000000083d00000|100%| O|  |TAMS 0x0000000083c00000, 0x0000000083c00000| Untracked 
|  61|0x0000000083d00000, 0x0000000083e00000, 0x0000000083e00000|100%| O|  |TAMS 0x0000000083d00000, 0x0000000083d00000| Untracked 
|  62|0x0000000083e00000, 0x0000000083f00000, 0x0000000083f00000|100%| O|  |TAMS 0x0000000083e00000, 0x0000000083e00000| Untracked 
|  63|0x0000000083f00000, 0x0000000084000000, 0x0000000084000000|100%| O|  |TAMS 0x0000000083f00000, 0x0000000083f00000| Untracked 
|  64|0x0000000084000000, 0x0000000084100000, 0x0000000084100000|100%| O|  |TAMS 0x0000000084000000, 0x0000000084000000| Untracked 
|  65|0x0000000084100000, 0x0000000084200000, 0x0000000084200000|100%| O|  |TAMS 0x0000000084100000, 0x0000000084100000| Untracked 
|  66|0x0000000084200000, 0x0000000084300000, 0x0000000084300000|100%| O|  |TAMS 0x0000000084200000, 0x0000000084200000| Untracked 
|  67|0x0000000084300000, 0x0000000084400000, 0x0000000084400000|100%| O|  |TAMS 0x0000000084300000, 0x0000000084300000| Untracked 
|  68|0x0000000084400000, 0x0000000084500000, 0x0000000084500000|100%| O|  |TAMS 0x0000000084400000, 0x0000000084400000| Untracked 
|  69|0x0000000084500000, 0x0000000084600000, 0x0000000084600000|100%| O|  |TAMS 0x0000000084500000, 0x0000000084500000| Untracked 
|  70|0x0000000084600000, 0x0000000084700000, 0x0000000084700000|100%| O|  |TAMS 0x0000000084600000, 0x0000000084600000| Untracked 
|  71|0x0000000084700000, 0x0000000084780000, 0x0000000084800000| 50%| O|  |TAMS 0x0000000084700000, 0x0000000084700000| Untracked 
|  72|0x0000000084800000, 0x0000000084900000, 0x0000000084900000|100%|HS|  |TAMS 0x0000000084800000, 0x0000000084800000| Complete 
|  73|0x0000000084900000, 0x0000000084a00000, 0x0000000084a00000|100%|HC|  |TAMS 0x0000000084900000, 0x0000000084900000| Complete 
|  74|0x0000000084a00000, 0x0000000084a00000, 0x0000000084b00000|  0%| F|  |TAMS 0x0000000084a00000, 0x0000000084a00000| Untracked 
|  75|0x0000000084b00000, 0x0000000084b00000, 0x0000000084c00000|  0%| F|  |TAMS 0x0000000084b00000, 0x0000000084b00000| Untracked 
|  76|0x0000000084c00000, 0x0000000084c00000, 0x0000000084d00000|  0%| F|  |TAMS 0x0000000084c00000, 0x0000000084c00000| Untracked 
|  77|0x0000000084d00000, 0x0000000084d00000, 0x0000000084e00000|  0%| F|  |TAMS 0x0000000084d00000, 0x0000000084d00000| Untracked 
|  78|0x0000000084e00000, 0x0000000084f00000, 0x0000000084f00000|100%| O|  |TAMS 0x0000000084e00000, 0x0000000084e00000| Untracked 
|  79|0x0000000084f00000, 0x0000000085000000, 0x0000000085000000|100%| O|  |TAMS 0x0000000084f00000, 0x0000000084f00000| Untracked 
|  80|0x0000000085000000, 0x0000000085100000, 0x0000000085100000|100%| O|  |TAMS 0x0000000085000000, 0x0000000085000000| Untracked 
|  81|0x0000000085100000, 0x0000000085200000, 0x0000000085200000|100%| O|  |TAMS 0x0000000085100000, 0x0000000085100000| Untracked 
|  82|0x0000000085200000, 0x0000000085300000, 0x0000000085300000|100%| O|  |TAMS 0x0000000085200000, 0x0000000085200000| Untracked 
|  83|0x0000000085300000, 0x0000000085400000, 0x0000000085400000|100%| O|  |TAMS 0x0000000085300000, 0x0000000085300000| Untracked 
|  84|0x0000000085400000, 0x0000000085500000, 0x0000000085500000|100%| O|  |TAMS 0x0000000085400000, 0x0000000085400000| Untracked 
|  85|0x0000000085500000, 0x0000000085600000, 0x0000000085600000|100%| O|  |TAMS 0x0000000085500000, 0x0000000085500000| Untracked 
|  86|0x0000000085600000, 0x0000000085700000, 0x0000000085700000|100%| O|  |TAMS 0x0000000085600000, 0x0000000085600000| Untracked 
|  87|0x0000000085700000, 0x0000000085800000, 0x0000000085800000|100%| O|  |TAMS 0x0000000085700000, 0x0000000085700000| Untracked 
|  88|0x0000000085800000, 0x0000000085900000, 0x0000000085900000|100%| O|  |TAMS 0x0000000085800000, 0x0000000085800000| Untracked 
|  89|0x0000000085900000, 0x0000000085900000, 0x0000000085a00000|  0%| F|  |TAMS 0x0000000085900000, 0x0000000085900000| Untracked 
|  90|0x0000000085a00000, 0x0000000085a00000, 0x0000000085b00000|  0%| F|  |TAMS 0x0000000085a00000, 0x0000000085a00000| Untracked 
|  91|0x0000000085b00000, 0x0000000085b00000, 0x0000000085c00000|  0%| F|  |TAMS 0x0000000085b00000, 0x0000000085b00000| Untracked 
|  92|0x0000000085c00000, 0x0000000085c00000, 0x0000000085d00000|  0%| F|  |TAMS 0x0000000085c00000, 0x0000000085c00000| Untracked 
|  93|0x0000000085d00000, 0x0000000085d00000, 0x0000000085e00000|  0%| F|  |TAMS 0x0000000085d00000, 0x0000000085d00000| Untracked 
|  94|0x0000000085e00000, 0x0000000085e00000, 0x0000000085f00000|  0%| F|  |TAMS 0x0000000085e00000, 0x0000000085e00000| Untracked 
|  95|0x0000000085f00000, 0x0000000085f00000, 0x0000000086000000|  0%| F|  |TAMS 0x0000000085f00000, 0x0000000085f00000| Untracked 
|  96|0x0000000086000000, 0x0000000086000000, 0x0000000086100000|  0%| F|  |TAMS 0x0000000086000000, 0x0000000086000000| Untracked 
|  97|0x0000000086100000, 0x0000000086100000, 0x0000000086200000|  0%| F|  |TAMS 0x0000000086100000, 0x0000000086100000| Untracked 
|  98|0x0000000086200000, 0x0000000086200000, 0x0000000086300000|  0%| F|  |TAMS 0x0000000086200000, 0x0000000086200000| Untracked 
|  99|0x0000000086300000, 0x0000000086300000, 0x0000000086400000|  0%| F|  |TAMS 0x0000000086300000, 0x0000000086300000| Untracked 
| 100|0x0000000086400000, 0x0000000086400000, 0x0000000086500000|  0%| F|  |TAMS 0x0000000086400000, 0x0000000086400000| Untracked 
| 101|0x0000000086500000, 0x0000000086500000, 0x0000000086600000|  0%| F|  |TAMS 0x0000000086500000, 0x0000000086500000| Untracked 
| 102|0x0000000086600000, 0x0000000086600000, 0x0000000086700000|  0%| F|  |TAMS 0x0000000086600000, 0x0000000086600000| Untracked 
| 103|0x0000000086700000, 0x0000000086700000, 0x0000000086800000|  0%| F|  |TAMS 0x0000000086700000, 0x0000000086700000| Untracked 
| 104|0x0000000086800000, 0x0000000086800000, 0x0000000086900000|  0%| F|  |TAMS 0x0000000086800000, 0x0000000086800000| Untracked 
| 105|0x0000000086900000, 0x0000000086900000, 0x0000000086a00000|  0%| F|  |TAMS 0x0000000086900000, 0x0000000086900000| Untracked 
| 106|0x0000000086a00000, 0x0000000086a00000, 0x0000000086b00000|  0%| F|  |TAMS 0x0000000086a00000, 0x0000000086a00000| Untracked 
| 107|0x0000000086b00000, 0x0000000086b00000, 0x0000000086c00000|  0%| F|  |TAMS 0x0000000086b00000, 0x0000000086b00000| Untracked 
| 108|0x0000000086c00000, 0x0000000086c00000, 0x0000000086d00000|  0%| F|  |TAMS 0x0000000086c00000, 0x0000000086c00000| Untracked 
| 109|0x0000000086d00000, 0x0000000086d00000, 0x0000000086e00000|  0%| F|  |TAMS 0x0000000086d00000, 0x0000000086d00000| Untracked 
| 110|0x0000000086e00000, 0x0000000086e00000, 0x0000000086f00000|  0%| F|  |TAMS 0x0000000086e00000, 0x0000000086e00000| Untracked 
| 111|0x0000000086f00000, 0x0000000086f00000, 0x0000000087000000|  0%| F|  |TAMS 0x0000000086f00000, 0x0000000086f00000| Untracked 
| 112|0x0000000087000000, 0x0000000087000000, 0x0000000087100000|  0%| F|  |TAMS 0x0000000087000000, 0x0000000087000000| Untracked 
| 113|0x0000000087100000, 0x0000000087100000, 0x0000000087200000|  0%| F|  |TAMS 0x0000000087100000, 0x0000000087100000| Untracked 
| 114|0x0000000087200000, 0x0000000087200000, 0x0000000087300000|  0%| F|  |TAMS 0x0000000087200000, 0x0000000087200000| Untracked 
| 115|0x0000000087300000, 0x0000000087300000, 0x0000000087400000|  0%| F|  |TAMS 0x0000000087300000, 0x0000000087300000| Untracked 
| 116|0x0000000087400000, 0x0000000087400000, 0x0000000087500000|  0%| F|  |TAMS 0x0000000087400000, 0x0000000087400000| Untracked 
| 117|0x0000000087500000, 0x0000000087500000, 0x0000000087600000|  0%| F|  |TAMS 0x0000000087500000, 0x0000000087500000| Untracked 
| 118|0x0000000087600000, 0x0000000087600000, 0x0000000087700000|  0%| F|  |TAMS 0x0000000087600000, 0x0000000087600000| Untracked 
| 119|0x0000000087700000, 0x0000000087700000, 0x0000000087800000|  0%| F|  |TAMS 0x0000000087700000, 0x0000000087700000| Untracked 
| 120|0x0000000087800000, 0x0000000087800000, 0x0000000087900000|  0%| F|  |TAMS 0x0000000087800000, 0x0000000087800000| Untracked 
| 121|0x0000000087900000, 0x0000000087900000, 0x0000000087a00000|  0%| F|  |TAMS 0x0000000087900000, 0x0000000087900000| Untracked 
| 122|0x0000000087a00000, 0x0000000087a00000, 0x0000000087b00000|  0%| F|  |TAMS 0x0000000087a00000, 0x0000000087a00000| Untracked 
| 123|0x0000000087b00000, 0x0000000087b00000, 0x0000000087c00000|  0%| F|  |TAMS 0x0000000087b00000, 0x0000000087b00000| Untracked 
| 124|0x0000000087c00000, 0x0000000087c00000, 0x0000000087d00000|  0%| F|  |TAMS 0x0000000087c00000, 0x0000000087c00000| Untracked 
| 125|0x0000000087d00000, 0x0000000087d00000, 0x0000000087e00000|  0%| F|  |TAMS 0x0000000087d00000, 0x0000000087d00000| Untracked 
| 126|0x0000000087e00000, 0x0000000087e00000, 0x0000000087f00000|  0%| F|  |TAMS 0x0000000087e00000, 0x0000000087e00000| Untracked 
| 127|0x0000000087f00000, 0x0000000087f00000, 0x0000000088000000|  0%| F|  |TAMS 0x0000000087f00000, 0x0000000087f00000| Untracked 
| 128|0x0000000088000000, 0x0000000088000000, 0x0000000088100000|  0%| F|  |TAMS 0x0000000088000000, 0x0000000088000000| Untracked 
| 129|0x0000000088100000, 0x0000000088100000, 0x0000000088200000|  0%| F|  |TAMS 0x0000000088100000, 0x0000000088100000| Untracked 
| 130|0x0000000088200000, 0x0000000088200000, 0x0000000088300000|  0%| F|  |TAMS 0x0000000088200000, 0x0000000088200000| Untracked 
| 131|0x0000000088300000, 0x0000000088300000, 0x0000000088400000|  0%| F|  |TAMS 0x0000000088300000, 0x0000000088300000| Untracked 
| 132|0x0000000088400000, 0x0000000088400000, 0x0000000088500000|  0%| F|  |TAMS 0x0000000088400000, 0x0000000088400000| Untracked 
| 133|0x0000000088500000, 0x0000000088500000, 0x0000000088600000|  0%| F|  |TAMS 0x0000000088500000, 0x0000000088500000| Untracked 
| 134|0x0000000088600000, 0x0000000088600000, 0x0000000088700000|  0%| F|  |TAMS 0x0000000088600000, 0x0000000088600000| Untracked 
| 135|0x0000000088700000, 0x000000008879d620, 0x0000000088800000| 61%| S|CS|TAMS 0x0000000088700000, 0x0000000088700000| Complete 
| 136|0x0000000088800000, 0x0000000088900000, 0x0000000088900000|100%| S|CS|TAMS 0x0000000088800000, 0x0000000088800000| Complete 
| 137|0x0000000088900000, 0x0000000088a00000, 0x0000000088a00000|100%| S|CS|TAMS 0x0000000088900000, 0x0000000088900000| Complete 
| 138|0x0000000088a00000, 0x0000000088b00000, 0x0000000088b00000|100%| S|CS|TAMS 0x0000000088a00000, 0x0000000088a00000| Complete 
| 139|0x0000000088b00000, 0x0000000088c00000, 0x0000000088c00000|100%| S|CS|TAMS 0x0000000088b00000, 0x0000000088b00000| Complete 
| 140|0x0000000088c00000, 0x0000000088d00000, 0x0000000088d00000|100%| S|CS|TAMS 0x0000000088c00000, 0x0000000088c00000| Complete 
| 141|0x0000000088d00000, 0x0000000088e00000, 0x0000000088e00000|100%| S|CS|TAMS 0x0000000088d00000, 0x0000000088d00000| Complete 
| 142|0x0000000088e00000, 0x0000000088f00000, 0x0000000088f00000|100%| S|CS|TAMS 0x0000000088e00000, 0x0000000088e00000| Complete 
| 143|0x0000000088f00000, 0x0000000088f00000, 0x0000000089000000|  0%| F|  |TAMS 0x0000000088f00000, 0x0000000088f00000| Untracked 
| 144|0x0000000089000000, 0x0000000089000000, 0x0000000089100000|  0%| F|  |TAMS 0x0000000089000000, 0x0000000089000000| Untracked 
| 145|0x0000000089100000, 0x0000000089100000, 0x0000000089200000|  0%| F|  |TAMS 0x0000000089100000, 0x0000000089100000| Untracked 
| 146|0x0000000089200000, 0x0000000089200000, 0x0000000089300000|  0%| F|  |TAMS 0x0000000089200000, 0x0000000089200000| Untracked 
| 147|0x0000000089300000, 0x0000000089300000, 0x0000000089400000|  0%| F|  |TAMS 0x0000000089300000, 0x0000000089300000| Untracked 
| 148|0x0000000089400000, 0x0000000089400000, 0x0000000089500000|  0%| F|  |TAMS 0x0000000089400000, 0x0000000089400000| Untracked 
| 149|0x0000000089500000, 0x0000000089500000, 0x0000000089600000|  0%| F|  |TAMS 0x0000000089500000, 0x0000000089500000| Untracked 
| 150|0x0000000089600000, 0x0000000089600000, 0x0000000089700000|  0%| F|  |TAMS 0x0000000089600000, 0x0000000089600000| Untracked 
| 151|0x0000000089700000, 0x0000000089700000, 0x0000000089800000|  0%| F|  |TAMS 0x0000000089700000, 0x0000000089700000| Untracked 
| 152|0x0000000089800000, 0x0000000089800000, 0x0000000089900000|  0%| F|  |TAMS 0x0000000089800000, 0x0000000089800000| Untracked 
| 153|0x0000000089900000, 0x0000000089900000, 0x0000000089a00000|  0%| F|  |TAMS 0x0000000089900000, 0x0000000089900000| Untracked 
| 154|0x0000000089a00000, 0x0000000089a00000, 0x0000000089b00000|  0%| F|  |TAMS 0x0000000089a00000, 0x0000000089a00000| Untracked 
| 155|0x0000000089b00000, 0x0000000089b00000, 0x0000000089c00000|  0%| F|  |TAMS 0x0000000089b00000, 0x0000000089b00000| Untracked 
| 156|0x0000000089c00000, 0x0000000089c00000, 0x0000000089d00000|  0%| F|  |TAMS 0x0000000089c00000, 0x0000000089c00000| Untracked 
| 157|0x0000000089d00000, 0x0000000089d00000, 0x0000000089e00000|  0%| F|  |TAMS 0x0000000089d00000, 0x0000000089d00000| Untracked 
| 158|0x0000000089e00000, 0x0000000089e00000, 0x0000000089f00000|  0%| F|  |TAMS 0x0000000089e00000, 0x0000000089e00000| Untracked 
| 159|0x0000000089f00000, 0x0000000089f00000, 0x000000008a000000|  0%| F|  |TAMS 0x0000000089f00000, 0x0000000089f00000| Untracked 
| 160|0x000000008a000000, 0x000000008a000000, 0x000000008a100000|  0%| F|  |TAMS 0x000000008a000000, 0x000000008a000000| Untracked 
| 161|0x000000008a100000, 0x000000008a100000, 0x000000008a200000|  0%| F|  |TAMS 0x000000008a100000, 0x000000008a100000| Untracked 
| 162|0x000000008a200000, 0x000000008a200000, 0x000000008a300000|  0%| F|  |TAMS 0x000000008a200000, 0x000000008a200000| Untracked 
| 163|0x000000008a300000, 0x000000008a300000, 0x000000008a400000|  0%| F|  |TAMS 0x000000008a300000, 0x000000008a300000| Untracked 
| 164|0x000000008a400000, 0x000000008a400000, 0x000000008a500000|  0%| F|  |TAMS 0x000000008a400000, 0x000000008a400000| Untracked 
| 165|0x000000008a500000, 0x000000008a500000, 0x000000008a600000|  0%| F|  |TAMS 0x000000008a500000, 0x000000008a500000| Untracked 
| 166|0x000000008a600000, 0x000000008a600000, 0x000000008a700000|  0%| F|  |TAMS 0x000000008a600000, 0x000000008a600000| Untracked 
| 167|0x000000008a700000, 0x000000008a700000, 0x000000008a800000|  0%| F|  |TAMS 0x000000008a700000, 0x000000008a700000| Untracked 
| 168|0x000000008a800000, 0x000000008a800000, 0x000000008a900000|  0%| F|  |TAMS 0x000000008a800000, 0x000000008a800000| Untracked 
| 169|0x000000008a900000, 0x000000008a900000, 0x000000008aa00000|  0%| F|  |TAMS 0x000000008a900000, 0x000000008a900000| Untracked 
| 170|0x000000008aa00000, 0x000000008aa00000, 0x000000008ab00000|  0%| F|  |TAMS 0x000000008aa00000, 0x000000008aa00000| Untracked 
| 171|0x000000008ab00000, 0x000000008abdee90, 0x000000008ac00000| 87%| E|  |TAMS 0x000000008ab00000, 0x000000008ab00000| Complete 
| 172|0x000000008ac00000, 0x000000008ad00000, 0x000000008ad00000|100%| E|CS|TAMS 0x000000008ac00000, 0x000000008ac00000| Complete 
| 173|0x000000008ad00000, 0x000000008ae00000, 0x000000008ae00000|100%| E|CS|TAMS 0x000000008ad00000, 0x000000008ad00000| Complete 
| 174|0x000000008ae00000, 0x000000008af00000, 0x000000008af00000|100%| E|CS|TAMS 0x000000008ae00000, 0x000000008ae00000| Complete 
| 175|0x000000008af00000, 0x000000008b000000, 0x000000008b000000|100%| E|CS|TAMS 0x000000008af00000, 0x000000008af00000| Complete 
| 176|0x000000008b000000, 0x000000008b100000, 0x000000008b100000|100%| E|CS|TAMS 0x000000008b000000, 0x000000008b000000| Complete 
| 177|0x000000008b100000, 0x000000008b200000, 0x000000008b200000|100%| E|CS|TAMS 0x000000008b100000, 0x000000008b100000| Complete 
| 178|0x000000008b200000, 0x000000008b300000, 0x000000008b300000|100%| E|CS|TAMS 0x000000008b200000, 0x000000008b200000| Complete 
| 179|0x000000008b300000, 0x000000008b400000, 0x000000008b400000|100%| E|CS|TAMS 0x000000008b300000, 0x000000008b300000| Complete 
| 180|0x000000008b400000, 0x000000008b500000, 0x000000008b500000|100%| E|CS|TAMS 0x000000008b400000, 0x000000008b400000| Complete 
| 181|0x000000008b500000, 0x000000008b600000, 0x000000008b600000|100%| E|CS|TAMS 0x000000008b500000, 0x000000008b500000| Complete 
| 182|0x000000008b600000, 0x000000008b700000, 0x000000008b700000|100%| E|CS|TAMS 0x000000008b600000, 0x000000008b600000| Complete 
| 183|0x000000008b700000, 0x000000008b800000, 0x000000008b800000|100%| E|CS|TAMS 0x000000008b700000, 0x000000008b700000| Complete 
| 184|0x000000008b800000, 0x000000008b900000, 0x000000008b900000|100%| E|CS|TAMS 0x000000008b800000, 0x000000008b800000| Complete 
| 185|0x000000008b900000, 0x000000008ba00000, 0x000000008ba00000|100%| E|CS|TAMS 0x000000008b900000, 0x000000008b900000| Complete 
| 186|0x000000008ba00000, 0x000000008bb00000, 0x000000008bb00000|100%| E|CS|TAMS 0x000000008ba00000, 0x000000008ba00000| Complete 
| 187|0x000000008bb00000, 0x000000008bc00000, 0x000000008bc00000|100%| E|CS|TAMS 0x000000008bb00000, 0x000000008bb00000| Complete 
| 188|0x000000008bc00000, 0x000000008bd00000, 0x000000008bd00000|100%| E|CS|TAMS 0x000000008bc00000, 0x000000008bc00000| Complete 
| 189|0x000000008bd00000, 0x000000008be00000, 0x000000008be00000|100%| E|  |TAMS 0x000000008bd00000, 0x000000008bd00000| Complete 
| 190|0x000000008be00000, 0x000000008bf00000, 0x000000008bf00000|100%| E|CS|TAMS 0x000000008be00000, 0x000000008be00000| Complete 
| 191|0x000000008bf00000, 0x000000008c000000, 0x000000008c000000|100%| E|CS|TAMS 0x000000008bf00000, 0x000000008bf00000| Complete 
| 192|0x000000008c000000, 0x000000008c100000, 0x000000008c100000|100%| E|CS|TAMS 0x000000008c000000, 0x000000008c000000| Complete 
| 193|0x000000008c100000, 0x000000008c200000, 0x000000008c200000|100%| E|CS|TAMS 0x000000008c100000, 0x000000008c100000| Complete 
| 194|0x000000008c200000, 0x000000008c300000, 0x000000008c300000|100%| E|CS|TAMS 0x000000008c200000, 0x000000008c200000| Complete 
| 195|0x000000008c300000, 0x000000008c400000, 0x000000008c400000|100%| E|CS|TAMS 0x000000008c300000, 0x000000008c300000| Complete 
| 196|0x000000008c400000, 0x000000008c500000, 0x000000008c500000|100%| E|CS|TAMS 0x000000008c400000, 0x000000008c400000| Complete 
| 197|0x000000008c500000, 0x000000008c600000, 0x000000008c600000|100%| E|CS|TAMS 0x000000008c500000, 0x000000008c500000| Complete 
| 198|0x000000008c600000, 0x000000008c700000, 0x000000008c700000|100%| E|CS|TAMS 0x000000008c600000, 0x000000008c600000| Complete 
| 199|0x000000008c700000, 0x000000008c800000, 0x000000008c800000|100%| E|CS|TAMS 0x000000008c700000, 0x000000008c700000| Complete 
| 200|0x000000008c800000, 0x000000008c900000, 0x000000008c900000|100%| E|CS|TAMS 0x000000008c800000, 0x000000008c800000| Complete 
| 201|0x000000008c900000, 0x000000008ca00000, 0x000000008ca00000|100%| E|CS|TAMS 0x000000008c900000, 0x000000008c900000| Complete 
| 202|0x000000008ca00000, 0x000000008cb00000, 0x000000008cb00000|100%| E|CS|TAMS 0x000000008ca00000, 0x000000008ca00000| Complete 
| 203|0x000000008cb00000, 0x000000008cc00000, 0x000000008cc00000|100%| E|CS|TAMS 0x000000008cb00000, 0x000000008cb00000| Complete 
| 204|0x000000008cc00000, 0x000000008cd00000, 0x000000008cd00000|100%| E|CS|TAMS 0x000000008cc00000, 0x000000008cc00000| Complete 
| 205|0x000000008cd00000, 0x000000008ce00000, 0x000000008ce00000|100%| E|CS|TAMS 0x000000008cd00000, 0x000000008cd00000| Complete 
| 206|0x000000008ce00000, 0x000000008cf00000, 0x000000008cf00000|100%| E|CS|TAMS 0x000000008ce00000, 0x000000008ce00000| Complete 
| 207|0x000000008cf00000, 0x000000008d000000, 0x000000008d000000|100%| E|CS|TAMS 0x000000008cf00000, 0x000000008cf00000| Complete 
| 208|0x000000008d000000, 0x000000008d100000, 0x000000008d100000|100%| E|CS|TAMS 0x000000008d000000, 0x000000008d000000| Complete 
| 209|0x000000008d100000, 0x000000008d200000, 0x000000008d200000|100%| E|CS|TAMS 0x000000008d100000, 0x000000008d100000| Complete 
| 210|0x000000008d200000, 0x000000008d300000, 0x000000008d300000|100%| E|CS|TAMS 0x000000008d200000, 0x000000008d200000| Complete 
| 211|0x000000008d300000, 0x000000008d400000, 0x000000008d400000|100%| E|CS|TAMS 0x000000008d300000, 0x000000008d300000| Complete 
| 212|0x000000008d400000, 0x000000008d500000, 0x000000008d500000|100%| E|CS|TAMS 0x000000008d400000, 0x000000008d400000| Complete 
| 213|0x000000008d500000, 0x000000008d600000, 0x000000008d600000|100%| E|CS|TAMS 0x000000008d500000, 0x000000008d500000| Complete 
| 214|0x000000008d600000, 0x000000008d700000, 0x000000008d700000|100%| E|CS|TAMS 0x000000008d600000, 0x000000008d600000| Complete 
| 215|0x000000008d700000, 0x000000008d800000, 0x000000008d800000|100%| E|CS|TAMS 0x000000008d700000, 0x000000008d700000| Complete 
| 216|0x000000008d800000, 0x000000008d900000, 0x000000008d900000|100%| E|CS|TAMS 0x000000008d800000, 0x000000008d800000| Complete 
| 217|0x000000008d900000, 0x000000008da00000, 0x000000008da00000|100%| E|CS|TAMS 0x000000008d900000, 0x000000008d900000| Complete 
| 218|0x000000008da00000, 0x000000008db00000, 0x000000008db00000|100%| E|CS|TAMS 0x000000008da00000, 0x000000008da00000| Complete 
| 219|0x000000008db00000, 0x000000008dc00000, 0x000000008dc00000|100%| E|CS|TAMS 0x000000008db00000, 0x000000008db00000| Complete 
| 220|0x000000008dc00000, 0x000000008dd00000, 0x000000008dd00000|100%| E|CS|TAMS 0x000000008dc00000, 0x000000008dc00000| Complete 
| 221|0x000000008dd00000, 0x000000008de00000, 0x000000008de00000|100%| E|CS|TAMS 0x000000008dd00000, 0x000000008dd00000| Complete 

Card table byte_map: [0x000001d25aaa0000,0x000001d25aea0000] _byte_map_base: 0x000001d25a6a0000

Marking Bits (Prev, Next): (CMBitMap*) 0x000001d247c0dc58, (CMBitMap*) 0x000001d247c0dc90
 Prev Bits: [0x000001d25b2a0000, 0x000001d25d2a0000)
 Next Bits: [0x000001d25d2a0000, 0x000001d25f2a0000)

Polling page: 0x000001d247370000

Metaspace:

Usage:
  Non-class:     83.10 MB capacity,    81.70 MB ( 98%) used,     1.14 MB (  1%) free+waste,   262.31 KB ( <1%) overhead. 
      Class:     12.76 MB capacity,    11.97 MB ( 94%) used,   691.13 KB (  5%) free+waste,   117.25 KB ( <1%) overhead. 
       Both:     95.86 MB capacity,    93.67 MB ( 98%) used,     1.82 MB (  2%) free+waste,   379.56 KB ( <1%) overhead. 

Virtual space:
  Non-class space:       84.00 MB reserved,      83.25 MB (>99%) committed 
      Class space:        1.00 GB reserved,      12.82 MB (  1%) committed 
             Both:        1.08 GB reserved,      96.07 MB (  9%) committed 

Chunk freelists:
   Non-Class:  28.00 KB
       Class:  24.00 KB
        Both:  52.00 KB

MaxMetaspaceSize: 17179869184.00 GB
CompressedClassSpaceSize: 1.00 GB
Initial GC threshold: 20.80 MB
Current GC threshold: 105.96 MB
CDS: off

CodeHeap 'non-profiled nmethods': size=120064Kb used=6898Kb max_used=6898Kb free=113165Kb
 bounds [0x000001d253160000, 0x000001d253820000, 0x000001d25a6a0000]
CodeHeap 'profiled nmethods': size=120000Kb used=24996Kb max_used=24996Kb free=95003Kb
 bounds [0x000001d24bc30000, 0x000001d24d4a0000, 0x000001d253160000]
CodeHeap 'non-nmethods': size=5696Kb used=2395Kb max_used=2451Kb free=3300Kb
 bounds [0x000001d24b6a0000, 0x000001d24b920000, 0x000001d24bc30000]
 total_blobs=12489 nmethods=11573 adapters=828
 compilation: enabled
              stopped_count=0, restarted_count=0
 full_count=0

Compilation events (20 events):
Event: 34.028 Thread 0x000001d262033800 11686   !   3       jdk.nio.zipfs.ZipFileSystem::readFullyAt (37 bytes)
Event: 34.028 Thread 0x000001d262033800 nmethod 11686 0x000001d24d48a010 code [0x000001d24d48a1e0, 0x000001d24d48a5f8]
Event: 34.056 Thread 0x000001d262033800 11687       3       jdk.nio.zipfs.ZipConstants::LOCEXT (7 bytes)
Event: 34.056 Thread 0x000001d262033800 nmethod 11687 0x000001d24d48a810 code [0x000001d24d48a9e0, 0x000001d24d48ac38]
Event: 34.056 Thread 0x000001d262033800 11689       3       jdk.nio.zipfs.ZipFileSystem$Entry::readExtra (753 bytes)
Event: 34.069 Thread 0x000001d262033800 nmethod 11689 0x000001d24d48ad90 code [0x000001d24d48b7a0, 0x000001d24d4926e8]
Event: 34.069 Thread 0x000001d262033800 11688       3       jdk.nio.zipfs.ZipConstants::LOCNAM (7 bytes)
Event: 34.069 Thread 0x000001d262033800 nmethod 11688 0x000001d24d495310 code [0x000001d24d4954e0, 0x000001d24d495738]
Event: 34.194 Thread 0x000001d262033800 11690       3       com.sun.tools.javac.file.RelativePath::hashCode (8 bytes)
Event: 34.195 Thread 0x000001d262033800 nmethod 11690 0x000001d24d495890 code [0x000001d24d495a40, 0x000001d24d495b68]
Event: 34.224 Thread 0x000001d262033800 11691   !   3       sun.nio.ch.FileChannelImpl::position (258 bytes)
Event: 34.226 Thread 0x000001d262033800 nmethod 11691 0x000001d24d495c10 code [0x000001d24d495f00, 0x000001d24d496f88]
Event: 34.297 Thread 0x000001d262033800 11692       3       jdk.nio.zipfs.ZipPath::compareTo (95 bytes)
Event: 34.298 Thread 0x000001d262033800 nmethod 11692 0x000001d24d497790 code [0x000001d24d4979c0, 0x000001d24d498198]
Event: 34.310 Thread 0x000001d262033800 11695       3       java.util.concurrent.atomic.AtomicInteger::getAndAdd (12 bytes)
Event: 34.310 Thread 0x000001d262033800 nmethod 11695 0x000001d24d498510 code [0x000001d24d4986c0, 0x000001d24d4987d8]
Event: 34.310 Thread 0x000001d262033800 11693       3       java.lang.ThreadLocal::<init> (12 bytes)
Event: 34.310 Thread 0x000001d262033800 nmethod 11693 0x000001d24d498890 code [0x000001d24d498a60, 0x000001d24d498c98]
Event: 34.310 Thread 0x000001d262033800 11694       3       java.lang.ThreadLocal::nextHashCode (9 bytes)
Event: 34.311 Thread 0x000001d262033800 nmethod 11694 0x000001d24d498e10 code [0x000001d24d498fc0, 0x000001d24d499118]

GC Heap History (20 events):
Event: 9.646 GC heap before
{Heap before GC invocations=8 (full 0):
 garbage-first heap   total 157696K, used 101202K [0x0000000080000000, 0x0000000100000000)
  region size 1024K, 81 young (82944K), 9 survivors (9216K)
 Metaspace       used 46017K, capacity 47193K, committed 47308K, reserved 1089536K
  class space    used 5895K, capacity 6339K, committed 6348K, reserved 1048576K
}
Event: 9.665 GC heap after
{Heap after GC invocations=9 (full 0):
 garbage-first heap   total 157696K, used 30747K [0x0000000080000000, 0x0000000100000000)
  region size 1024K, 9 young (9216K), 9 survivors (9216K)
 Metaspace       used 46017K, capacity 47193K, committed 47308K, reserved 1089536K
  class space    used 5895K, capacity 6339K, committed 6348K, reserved 1048576K
}
Event: 12.415 GC heap before
{Heap before GC invocations=9 (full 0):
 garbage-first heap   total 157696K, used 109595K [0x0000000080000000, 0x0000000100000000)
  region size 1024K, 83 young (84992K), 9 survivors (9216K)
 Metaspace       used 52860K, capacity 54227K, committed 54476K, reserved 1095680K
  class space    used 6747K, capacity 7260K, committed 7372K, reserved 1048576K
}
Event: 12.436 GC heap after
{Heap after GC invocations=10 (full 0):
 garbage-first heap   total 157696K, used 42132K [0x0000000080000000, 0x0000000100000000)
  region size 1024K, 11 young (11264K), 11 survivors (11264K)
 Metaspace       used 52860K, capacity 54227K, committed 54476K, reserved 1095680K
  class space    used 6747K, capacity 7260K, committed 7372K, reserved 1048576K
}
Event: 13.438 GC heap before
{Heap before GC invocations=10 (full 0):
 garbage-first heap   total 157696K, used 75924K [0x0000000080000000, 0x0000000100000000)
  region size 1024K, 45 young (46080K), 11 survivors (11264K)
 Metaspace       used 58684K, capacity 60144K, committed 60236K, reserved 1101824K
  class space    used 7443K, capacity 7971K, committed 8012K, reserved 1048576K
}
Event: 13.462 GC heap after
{Heap after GC invocations=11 (full 0):
 garbage-first heap   total 157696K, used 45025K [0x0000000080000000, 0x0000000100000000)
  region size 1024K, 3 young (3072K), 3 survivors (3072K)
 Metaspace       used 58684K, capacity 60144K, committed 60236K, reserved 1101824K
  class space    used 7443K, capacity 7971K, committed 8012K, reserved 1048576K
}
Event: 14.891 GC heap before
{Heap before GC invocations=12 (full 0):
 garbage-first heap   total 157696K, used 106465K [0x0000000080000000, 0x0000000100000000)
  region size 1024K, 63 young (64512K), 3 survivors (3072K)
 Metaspace       used 63334K, capacity 64917K, committed 64972K, reserved 1105920K
  class space    used 8057K, capacity 8610K, committed 8652K, reserved 1048576K
}
Event: 14.914 GC heap after
{Heap after GC invocations=13 (full 0):
 garbage-first heap   total 189440K, used 50080K [0x0000000080000000, 0x0000000100000000)
  region size 1024K, 8 young (8192K), 8 survivors (8192K)
 Metaspace       used 63334K, capacity 64917K, committed 64972K, reserved 1105920K
  class space    used 8057K, capacity 8610K, committed 8652K, reserved 1048576K
}
Event: 17.406 GC heap before
{Heap before GC invocations=14 (full 0):
 garbage-first heap   total 189440K, used 126880K [0x0000000080000000, 0x0000000100000000)
  region size 1024K, 83 young (84992K), 8 survivors (8192K)
 Metaspace       used 71137K, capacity 72795K, committed 72908K, reserved 1112064K
  class space    used 9250K, capacity 9858K, committed 9932K, reserved 1048576K
}
Event: 17.432 GC heap after
{Heap after GC invocations=15 (full 0):
 garbage-first heap   total 189440K, used 54887K [0x0000000080000000, 0x0000000100000000)
  region size 1024K, 11 young (11264K), 11 survivors (11264K)
 Metaspace       used 71137K, capacity 72795K, committed 72908K, reserved 1112064K
  class space    used 9250K, capacity 9858K, committed 9932K, reserved 1048576K
}
Event: 19.868 GC heap before
{Heap before GC invocations=15 (full 0):
 garbage-first heap   total 189440K, used 133735K [0x0000000080000000, 0x0000000100000000)
  region size 1024K, 89 young (91136K), 11 survivors (11264K)
 Metaspace       used 78380K, capacity 80366K, committed 80460K, reserved 1118208K
  class space    used 10269K, capacity 10992K, committed 11084K, reserved 1048576K
}
Event: 19.895 GC heap after
{Heap after GC invocations=16 (full 0):
 garbage-first heap   total 189440K, used 60318K [0x0000000080000000, 0x0000000100000000)
  region size 1024K, 11 young (11264K), 11 survivors (11264K)
 Metaspace       used 78380K, capacity 80366K, committed 80460K, reserved 1118208K
  class space    used 10269K, capacity 10992K, committed 11084K, reserved 1048576K
}
Event: 22.320 GC heap before
{Heap before GC invocations=16 (full 0):
 garbage-first heap   total 189440K, used 139166K [0x0000000080000000, 0x0000000100000000)
  region size 1024K, 87 young (89088K), 11 survivors (11264K)
 Metaspace       used 80835K, capacity 82789K, committed 83020K, reserved 1120256K
  class space    used 10487K, capacity 11235K, committed 11340K, reserved 1048576K
}
Event: 22.362 GC heap after
{Heap after GC invocations=17 (full 0):
 garbage-first heap   total 189440K, used 74176K [0x0000000080000000, 0x0000000100000000)
  region size 1024K, 11 young (11264K), 11 survivors (11264K)
 Metaspace       used 80835K, capacity 82789K, committed 83020K, reserved 1120256K
  class space    used 10487K, capacity 11235K, committed 11340K, reserved 1048576K
}
Event: 24.327 GC heap before
{Heap before GC invocations=17 (full 0):
 garbage-first heap   total 189440K, used 153024K [0x0000000080000000, 0x0000000100000000)
  region size 1024K, 74 young (75776K), 11 survivors (11264K)
 Metaspace       used 83325K, capacity 85440K, committed 85580K, reserved 1124352K
  class space    used 10720K, capacity 11494K, committed 11596K, reserved 1048576K
}
Event: 24.364 GC heap after
{Heap after GC invocations=18 (full 0):
 garbage-first heap   total 227328K, used 84480K [0x0000000080000000, 0x0000000100000000)
  region size 1024K, 9 young (9216K), 9 survivors (9216K)
 Metaspace       used 83325K, capacity 85440K, committed 85580K, reserved 1124352K
  class space    used 10720K, capacity 11494K, committed 11596K, reserved 1048576K
}
Event: 26.250 GC heap before
{Heap before GC invocations=18 (full 0):
 garbage-first heap   total 227328K, used 158208K [0x0000000080000000, 0x0000000100000000)
  region size 1024K, 82 young (83968K), 9 survivors (9216K)
 Metaspace       used 86743K, capacity 88817K, committed 89036K, reserved 1126400K
  class space    used 11150K, capacity 11932K, committed 11980K, reserved 1048576K
}
Event: 26.274 GC heap after
{Heap after GC invocations=19 (full 0):
 garbage-first heap   total 227328K, used 87992K [0x0000000080000000, 0x0000000100000000)
  region size 1024K, 4 young (4096K), 4 survivors (4096K)
 Metaspace       used 86743K, capacity 88817K, committed 89036K, reserved 1126400K
  class space    used 11150K, capacity 11932K, committed 11980K, reserved 1048576K
}
Event: 32.754 GC heap before
{Heap before GC invocations=19 (full 0):
 garbage-first heap   total 227328K, used 163768K [0x0000000080000000, 0x0000000100000000)
  region size 1024K, 79 young (80896K), 4 survivors (4096K)
 Metaspace       used 88990K, capacity 91133K, committed 91340K, reserved 1128448K
  class space    used 11393K, capacity 12192K, committed 12236K, reserved 1048576K
}
Event: 32.770 GC heap after
{Heap after GC invocations=20 (full 0):
 garbage-first heap   total 227328K, used 92277K [0x0000000080000000, 0x0000000100000000)
  region size 1024K, 8 young (8192K), 8 survivors (8192K)
 Metaspace       used 88990K, capacity 91133K, committed 91340K, reserved 1128448K
  class space    used 11393K, capacity 12192K, committed 12236K, reserved 1048576K
}

Deoptimization events (20 events):
Event: 33.892 Thread 0x000001d2621c1000 Uncommon trap: trap_request=0xffffff4d fr.pc=0x000001d25348b544 relative=0x0000000000003504
Event: 33.892 Thread 0x000001d2621c1000 Uncommon trap: reason=unstable_if action=reinterpret pc=0x000001d25348b544 method=java.util.jar.Manifest$FastInputStream.readLine([BII)I @ 106 c2
Event: 33.892 Thread 0x000001d2621c1000 DEOPT PACKING pc=0x000001d25348b544 sp=0x0000001cb4cf88d0
Event: 33.892 Thread 0x000001d2621c1000 DEOPT UNPACKING pc=0x000001d24b6ea1af sp=0x0000001cb4cf87c8 mode 2
Event: 33.892 Thread 0x000001d2621c1000 Uncommon trap: trap_request=0xffffff4d fr.pc=0x000001d253493eac relative=0x000000000000044c
Event: 33.892 Thread 0x000001d2621c1000 Uncommon trap: reason=unstable_if action=reinterpret pc=0x000001d253493eac method=java.util.jar.Manifest$FastInputStream.readLine([BII)I @ 106 c2
Event: 33.892 Thread 0x000001d2621c1000 DEOPT PACKING pc=0x000001d253493eac sp=0x0000001cb4cf8880
Event: 33.892 Thread 0x000001d2621c1000 DEOPT UNPACKING pc=0x000001d24b6ea1af sp=0x0000001cb4cf87b8 mode 2
Event: 33.892 Thread 0x000001d2621c1000 Uncommon trap: trap_request=0xffffff4d fr.pc=0x000001d25347fdd0 relative=0x0000000000000470
Event: 33.892 Thread 0x000001d2621c1000 Uncommon trap: reason=unstable_if action=reinterpret pc=0x000001d25347fdd0 method=java.util.jar.Manifest$FastInputStream.readLine([BII)I @ 106 c2
Event: 33.892 Thread 0x000001d2621c1000 DEOPT PACKING pc=0x000001d25347fdd0 sp=0x0000001cb4cf8810
Event: 33.892 Thread 0x000001d2621c1000 DEOPT UNPACKING pc=0x000001d24b6ea1af sp=0x0000001cb4cf87c0 mode 2
Event: 33.893 Thread 0x000001d2621c1000 Uncommon trap: trap_request=0xffffff4d fr.pc=0x000001d253653604 relative=0x00000000000001c4
Event: 33.893 Thread 0x000001d2621c1000 Uncommon trap: reason=unstable_if action=reinterpret pc=0x000001d253653604 method=java.lang.CharacterDataLatin1.isJavaIdentifierPart(I)Z @ 11 c2
Event: 33.893 Thread 0x000001d2621c1000 DEOPT PACKING pc=0x000001d253653604 sp=0x0000001cb4cf8b20
Event: 33.893 Thread 0x000001d2621c1000 DEOPT UNPACKING pc=0x000001d24b6ea1af sp=0x0000001cb4cf89d8 mode 2
Event: 33.969 Thread 0x000001d2621c1000 Uncommon trap: trap_request=0xffffff4d fr.pc=0x000001d25341df98 relative=0x00000000000035b8
Event: 33.969 Thread 0x000001d2621c1000 Uncommon trap: reason=unstable_if action=reinterpret pc=0x000001d25341df98 method=java.util.jar.Manifest$FastInputStream.readLine([BII)I @ 106 c2
Event: 33.969 Thread 0x000001d2621c1000 DEOPT PACKING pc=0x000001d25341df98 sp=0x0000001cb4cf88d0
Event: 33.969 Thread 0x000001d2621c1000 DEOPT UNPACKING pc=0x000001d24b6ea1af sp=0x0000001cb4cf87c8 mode 2

Classes redefined (0 events):
No events

Internal exceptions (20 events):
Event: 24.632 Thread 0x000001d2621c1000 Exception <a 'java/lang/NoSuchMethodError'{0x000000008d7849c8}: <clinit>> (0x000000008d7849c8) thrown at [./src/hotspot/share/prims/jni.cpp, line 1365]
Event: 24.638 Thread 0x000001d2621c1000 Exception <a 'java/lang/NoSuchMethodError'{0x000000008d7b4ca0}: <clinit>> (0x000000008d7b4ca0) thrown at [./src/hotspot/share/prims/jni.cpp, line 1365]
Event: 24.640 Thread 0x000001d2621c1000 Exception <a 'java/lang/NoSuchMethodError'{0x000000008d7c77f8}: <clinit>> (0x000000008d7c77f8) thrown at [./src/hotspot/share/prims/jni.cpp, line 1365]
Event: 24.856 Thread 0x000001d2636f8000 Implicit null exception at 0x000001d25370f6f7 to 0x000001d25370fef8
Event: 26.567 Thread 0x000001d2621c2800 Exception <a 'java/lang/NoSuchMethodError'{0x000000008d3f4a98}: 'void java.lang.invoke.DirectMethodHandle$Holder.invokeStatic(java.lang.Object, long)'> (0x000000008d3f4a98) thrown at [./src/hotspot/share/interpreter/linkResolver.cpp, line 773]
Event: 26.568 Thread 0x000001d2621c2800 Exception <a 'java/lang/NoSuchMethodError'{0x000000008d3f9cb0}: 'java.lang.Object java.lang.invoke.DirectMethodHandle$Holder.invokeStatic(java.lang.Object, long)'> (0x000000008d3f9cb0) thrown at [./src/hotspot/share/interpreter/linkResolver.cpp, line 773]
Event: 26.571 Thread 0x000001d2621c2800 Exception <a 'java/lang/NoSuchMethodError'{0x000000008d208a80}: 'java.lang.Object java.lang.invoke.DirectMethodHandle$Holder.invokeStaticInit(java.lang.Object, java.lang.Object, long, java.lang.Object)'> (0x000000008d208a80) thrown at [./src/hotspot/share/interpreter/linkResolver.cpp, line 773]
Event: 26.572 Thread 0x000001d2621c2800 Exception <a 'java/lang/NoSuchMethodError'{0x000000008d20ec18}: 'java.lang.Object java.lang.invoke.DirectMethodHandle$Holder.invokeStatic(java.lang.Object, java.lang.Object, long)'> (0x000000008d20ec18) thrown at [./src/hotspot/share/interpreter/linkResolver.cpp, line 773]
Event: 26.572 Thread 0x000001d2621c2800 Exception <a 'java/lang/NoSuchMethodError'{0x000000008d215190}: 'java.lang.Object java.lang.invoke.Invokers$Holder.linkToTargetMethod(java.lang.Object, long, java.lang.Object)'> (0x000000008d215190) thrown at [./src/hotspot/share/interpreter/linkResolver.cpp, line 773]
Event: 26.937 Thread 0x000001d2621c2800 Exception <a 'java/lang/NoSuchMethodError'{0x000000008d150d10}: 'int java.lang.invoke.DirectMethodHandle$Holder.invokeSpecialIFC(java.lang.Object, java.lang.Object, java.lang.Object)'> (0x000000008d150d10) thrown at [./src/hotspot/share/interpreter/linkResolver.cpp, line 773]
Event: 32.126 Thread 0x000001d2621c2800 Exception <a 'sun/nio/fs/WindowsException'{0x000000008bc96398}> (0x000000008bc96398) thrown at [./src/hotspot/share/prims/jni.cpp, line 615]
Event: 32.126 Thread 0x000001d2621c2800 Exception <a 'sun/nio/fs/WindowsException'{0x000000008bc96480}> (0x000000008bc96480) thrown at [./src/hotspot/share/prims/jni.cpp, line 615]
Event: 32.218 Thread 0x000001d2621c2800 Implicit null exception at 0x000001d2537a0678 to 0x000001d2537a07f0
Event: 32.218 Thread 0x000001d2621c2800 Implicit null exception at 0x000001d2537a1f5f to 0x000001d2537a20b4
Event: 33.102 Thread 0x000001d2621c1000 Implicit null exception at 0x000001d25358f577 to 0x000001d25358f704
Event: 33.455 Thread 0x000001d2621c1000 Exception <a 'sun/nio/fs/WindowsException'{0x000000008c664b40}> (0x000000008c664b40) thrown at [./src/hotspot/share/prims/jni.cpp, line 615]
Event: 33.457 Thread 0x000001d2621c1000 Exception <a 'java/lang/NoSuchMethodError'{0x000000008c670ba0}: 'java.lang.Object java.lang.invoke.Invokers$Holder.linkToTargetMethod(java.lang.Object, java.lang.Object, java.lang.Object, int, int, java.lang.Object)'> (0x000000008c670ba0) thrown at [./src/hotspot/share/interpreter/linkResolver.cpp, line 773]
Event: 33.814 Thread 0x000001d2621c1000 Exception <a 'java/lang/NoSuchMethodError'{0x000000008b50b8a0}: 'int java.lang.invoke.DirectMethodHandle$Holder.invokeVirtual(java.lang.Object, java.lang.Object, java.lang.Object)'> (0x000000008b50b8a0) thrown at [./src/hotspot/share/interpreter/linkResolver.cpp, line 773]
Event: 33.864 Thread 0x000001d2621c1000 Exception <a 'sun/nio/fs/WindowsException'{0x000000008b4749f8}> (0x000000008b4749f8) thrown at [./src/hotspot/share/prims/jni.cpp, line 615]
Event: 33.864 Thread 0x000001d2621c1000 Exception <a 'sun/nio/fs/WindowsException'{0x000000008b474b00}> (0x000000008b474b00) thrown at [./src/hotspot/share/prims/jni.cpp, line 615]

Events (20 events):
Event: 33.832 loading class com/sun/tools/javac/parser/Tokens$TokenKind
Event: 33.832 loading class com/sun/tools/javac/parser/Tokens$TokenKind done
Event: 33.832 loading class com/sun/tools/javac/util/Filter
Event: 33.832 loading class com/sun/tools/javac/util/Filter done
Event: 33.843 loading class com/sun/tools/javac/tree/JCTree
Event: 33.843 loading class com/sun/tools/javac/tree/JCTree done
Event: 33.843 loading class com/sun/tools/javac/tree/JCTree
Event: 33.843 loading class com/sun/tools/javac/tree/JCTree done
Event: 33.846 Thread 0x000001d268c5f800 Thread exited: 0x000001d268c5f800
Event: 33.849 Executing VM operation: Deoptimize
Event: 33.850 Executing VM operation: Deoptimize done
Event: 33.860 loading class com/sun/tools/javac/comp/Modules
Event: 33.860 loading class com/sun/tools/javac/comp/Modules done
Event: 33.861 loading class com/sun/tools/javac/code/Symbol$PackageSymbol
Event: 33.861 loading class com/sun/tools/javac/code/Symbol$PackageSymbol done
Event: 33.876 Thread 0x000001d266655000 Thread added: 0x000001d266655000
Event: 33.970 loading class com/sun/tools/javac/code/Symbol$PackageSymbol
Event: 33.970 loading class com/sun/tools/javac/code/Symbol$PackageSymbol done
Event: 33.970 loading class com/sun/tools/javac/code/ClassFinder
Event: 33.970 loading class com/sun/tools/javac/code/ClassFinder done


Dynamic libraries:
0x00007ff6fa020000 - 0x00007ff6fa02a000 	C:\Program Files\Android\Android Studio\jre\bin\java.exe
0x00007ffbba6d0000 - 0x00007ffbba8c8000 	C:\Windows\SYSTEM32\ntdll.dll
0x00007ffbb9c00000 - 0x00007ffbb9cbd000 	C:\Windows\System32\KERNEL32.DLL
0x00007ffbb80d0000 - 0x00007ffbb839e000 	C:\Windows\System32\KERNELBASE.dll
0x00007ffbb7ed0000 - 0x00007ffbb7fd0000 	C:\Windows\System32\ucrtbase.dll
0x00007ffb8f060000 - 0x00007ffb8f077000 	C:\Program Files\Android\Android Studio\jre\bin\VCRUNTIME140.dll
0x00007ffb8f040000 - 0x00007ffb8f059000 	C:\Program Files\Android\Android Studio\jre\bin\jli.dll
0x00007ffbb8cc0000 - 0x00007ffbb8e60000 	C:\Windows\System32\USER32.dll
0x00007ffba5b10000 - 0x00007ffba5daa000 	C:\Windows\WinSxS\amd64_microsoft.windows.common-controls_6595b64144ccf1df_6.0.19041.1110_none_60b5254171f9507e\COMCTL32.dll
0x00007ffbb84b0000 - 0x00007ffbb84d2000 	C:\Windows\System32\win32u.dll
0x00007ffbb9740000 - 0x00007ffbb97de000 	C:\Windows\System32\msvcrt.dll
0x00007ffbb98a0000 - 0x00007ffbb98ca000 	C:\Windows\System32\GDI32.dll
0x00007ffbb83a0000 - 0x00007ffbb84ab000 	C:\Windows\System32\gdi32full.dll
0x00007ffbb84e0000 - 0x00007ffbb857d000 	C:\Windows\System32\msvcp_win.dll
0x00007ffbba0a0000 - 0x00007ffbba0d0000 	C:\Windows\System32\IMM32.DLL
0x00007ffb9ab40000 - 0x00007ffb9ac55000 	C:\Program Files\Topaz OFD\Warsaw\wslbscr64.dll
0x00007ffbba5e0000 - 0x00007ffbba68e000 	C:\Windows\System32\ADVAPI32.dll
0x00007ffbb9ec0000 - 0x00007ffbb9f5c000 	C:\Windows\System32\sechost.dll
0x00007ffbb9f70000 - 0x00007ffbba095000 	C:\Windows\System32\RPCRT4.dll
0x00007ffbb8ff0000 - 0x00007ffbb9734000 	C:\Windows\System32\SHELL32.dll
0x00007ffbb6af0000 - 0x00007ffbb6b23000 	C:\Windows\SYSTEM32\ntmarta.dll
0x00007ffb9aa40000 - 0x00007ffb9ab33000 	C:\Program Files\Topaz OFD\Warsaw\wslbscrwh64.dll
0x00007ffb7ca60000 - 0x00007ffb7cafd000 	C:\Program Files\Android\Android Studio\jre\bin\msvcp140.dll
0x00007ffb7d1d0000 - 0x00007ffb7dcb5000 	C:\Program Files\Android\Android Studio\jre\bin\server\jvm.dll
0x00007ffbb9f60000 - 0x00007ffbb9f68000 	C:\Windows\System32\PSAPI.DLL
0x00007ffba5ff0000 - 0x00007ffba5ff9000 	C:\Windows\SYSTEM32\WSOCK32.dll
0x00007ffbb9a10000 - 0x00007ffbb9a7b000 	C:\Windows\System32\WS2_32.dll
0x00007ffba36d0000 - 0x00007ffba36f7000 	C:\Windows\SYSTEM32\WINMM.dll
0x00007ffba8ad0000 - 0x00007ffba8ada000 	C:\Windows\SYSTEM32\VERSION.dll
0x00007ffbb5cf0000 - 0x00007ffbb5d02000 	C:\Windows\SYSTEM32\kernel.appcore.dll
0x00007ffba52c0000 - 0x00007ffba52d1000 	C:\Program Files\Android\Android Studio\jre\bin\verify.dll
0x00007ffb99d00000 - 0x00007ffb99ee4000 	C:\Windows\SYSTEM32\DBGHELP.DLL
0x00007ffb99cd0000 - 0x00007ffb99cfc000 	C:\Windows\SYSTEM32\dbgcore.DLL
0x00007ffbb7fd0000 - 0x00007ffbb8052000 	C:\Windows\System32\bcryptPrimitives.dll
0x00007ffba18a0000 - 0x00007ffba18c9000 	C:\Program Files\Android\Android Studio\jre\bin\java.dll
0x00007ffbb3ad0000 - 0x00007ffbb3adb000 	C:\Program Files\Android\Android Studio\jre\bin\jimage.dll
0x00007ffba33a0000 - 0x00007ffba33b8000 	C:\Program Files\Android\Android Studio\jre\bin\zip.dll
0x00007ffbb5ef0000 - 0x00007ffbb6684000 	C:\Windows\SYSTEM32\windows.storage.dll
0x00007ffbb87b0000 - 0x00007ffbb8b04000 	C:\Windows\System32\combase.dll
0x00007ffbb7780000 - 0x00007ffbb77b0000 	C:\Windows\SYSTEM32\Wldp.dll
0x00007ffbb9b50000 - 0x00007ffbb9bfd000 	C:\Windows\System32\SHCORE.dll
0x000001d2624f0000 - 0x000001d262545000 	C:\Windows\System32\shlwapi.dll
0x00007ffbb7d30000 - 0x00007ffbb7d4f000 	C:\Windows\SYSTEM32\profapi.dll
0x00007ffba1880000 - 0x00007ffba189a000 	C:\Program Files\Android\Android Studio\jre\bin\net.dll
0x00007ffbab890000 - 0x00007ffbab99a000 	C:\Windows\SYSTEM32\WINHTTP.dll
0x00007ffbb74e0000 - 0x00007ffbb754a000 	C:\Windows\system32\mswsock.dll
0x00007ffba1860000 - 0x00007ffba1874000 	C:\Program Files\Android\Android Studio\jre\bin\nio.dll
0x00007ffb902b0000 - 0x00007ffb902d7000 	C:\Users\user\.gradle\native\8bec1ad78214c89d9ad589b4d07fe93259594b29d510b10fafb7a158f7737e5d\windows-amd64\native-platform.dll
0x00007ffb78b80000 - 0x00007ffb78cbd000 	C:\Users\user\.gradle\native\53dbd7edfb1c66fb8903c78663c9afc45aea4f116125fa6feffd364cf09443e8\windows-amd64\native-platform-file-events.dll
0x00007ffba3300000 - 0x00007ffba330a000 	C:\Program Files\Android\Android Studio\jre\bin\management.dll
0x00007ffba1850000 - 0x00007ffba185d000 	C:\Program Files\Android\Android Studio\jre\bin\management_ext.dll
0x00007ffbb76e0000 - 0x00007ffbb76f8000 	C:\Windows\SYSTEM32\CRYPTSP.dll
0x00007ffbb6e60000 - 0x00007ffbb6e94000 	C:\Windows\system32\rsaenh.dll
0x00007ffbb7df0000 - 0x00007ffbb7e17000 	C:\Windows\System32\bcrypt.dll
0x00007ffbb7cb0000 - 0x00007ffbb7cde000 	C:\Windows\SYSTEM32\USERENV.dll
0x00007ffbb76d0000 - 0x00007ffbb76dc000 	C:\Windows\SYSTEM32\CRYPTBASE.dll
0x00007ffbb71d0000 - 0x00007ffbb720b000 	C:\Windows\SYSTEM32\IPHLPAPI.DLL
0x00007ffbba540000 - 0x00007ffbba548000 	C:\Windows\System32\NSI.dll
0x00007ffbb0b00000 - 0x00007ffbb0b17000 	C:\Windows\SYSTEM32\dhcpcsvc6.DLL
0x00007ffbb1be0000 - 0x00007ffbb1bfd000 	C:\Windows\SYSTEM32\dhcpcsvc.DLL
0x00007ffbb7210000 - 0x00007ffbb72db000 	C:\Windows\SYSTEM32\DNSAPI.dll

dbghelp: loaded successfully - version: 4.0.5 - missing functions: none
symbol engine: initialized successfully - sym options: 0x614 - pdb path: .;C:\Program Files\Android\Android Studio\jre\bin;C:\Windows\SYSTEM32;C:\Windows\WinSxS\amd64_microsoft.windows.common-controls_6595b64144ccf1df_6.0.19041.1110_none_60b5254171f9507e;C:\Program Files\Topaz OFD\Warsaw;C:\Program Files\Android\Android Studio\jre\bin\server;C:\Users\user\.gradle\native\8bec1ad78214c89d9ad589b4d07fe93259594b29d510b10fafb7a158f7737e5d\windows-amd64;C:\Users\user\.gradle\native\53dbd7edfb1c66fb8903c78663c9afc45aea4f116125fa6feffd364cf09443e8\windows-amd64

VM Arguments:
jvm_args: --add-opens=java.base/java.util=ALL-UNNAMED --add-opens=java.base/java.lang=ALL-UNNAMED --add-opens=java.base/java.lang.invoke=ALL-UNNAMED --add-opens=java.base/java.util=ALL-UNNAMED --add-opens=java.prefs/java.util.prefs=ALL-UNNAMED --add-opens=java.prefs/java.util.prefs=ALL-UNNAMED --add-opens=java.base/java.nio.charset=ALL-UNNAMED --add-opens=java.base/java.net=ALL-UNNAMED --add-opens=java.base/java.util.concurrent.atomic=ALL-UNNAMED -Xmx2048m -Dfile.encoding=UTF-8 -Duser.country=BR -Duser.language=pt -Duser.variant 
java_command: org.gradle.launcher.daemon.bootstrap.GradleDaemon 7.0.2
java_class_path (initial): C:\Users\user\.gradle\wrapper\dists\gradle-7.0.2-bin\857tjihv64xamwrf0h14cai3r\gradle-7.0.2\lib\gradle-launcher-7.0.2.jar
Launcher Type: SUN_STANDARD

[Global flags]
     intx CICompilerCount                          = 3                                         {product} {ergonomic}
     uint ConcGCThreads                            = 1                                         {product} {ergonomic}
     uint G1ConcRefinementThreads                  = 4                                         {product} {ergonomic}
   size_t G1HeapRegionSize                         = 1048576                                   {product} {ergonomic}
    uintx GCDrainStackTargetSize                   = 64                                        {product} {ergonomic}
   size_t InitialHeapSize                          = 134217728                                 {product} {ergonomic}
   size_t MarkStackSize                            = 4194304                                   {product} {ergonomic}
   size_t MaxHeapSize                              = 2147483648                                {product} {command line}
   size_t MaxNewSize                               = 1287651328                                {product} {ergonomic}
   size_t MinHeapDeltaBytes                        = 1048576                                   {product} {ergonomic}
    uintx NonNMethodCodeHeapSize                   = 5830732                                {pd product} {ergonomic}
    uintx NonProfiledCodeHeapSize                  = 122913754                              {pd product} {ergonomic}
    uintx ProfiledCodeHeapSize                     = 122913754                              {pd product} {ergonomic}
    uintx ReservedCodeCacheSize                    = 251658240                              {pd product} {ergonomic}
     bool SegmentedCodeCache                       = true                                      {product} {ergonomic}
     bool UseCompressedClassPointers               = true                                 {lp64_product} {ergonomic}
     bool UseCompressedOops                        = true                                 {lp64_product} {ergonomic}
     bool UseG1GC                                  = true                                      {product} {ergonomic}
     bool UseLargePagesIndividualAllocation        = false                                  {pd product} {ergonomic}

Logging:
Log output configuration:
 #0: stdout all=warning uptime,level,tags
 #1: stderr all=off uptime,level,tags

Environment Variables:
PATH=C:\Windows\system32;C:\Windows;C:\Windows\System32\Wbem;C:\Windows\System32\WindowsPowerShell\v1.0\;C:\Windows\System32\OpenSSH\;C:\Program Files\nodejs\;C:\ProgramData\chocolatey\bin;C:\Program Files\dotnet\;C:\Program Files\Git\cmd;C:\Program Files\Microsoft SQL Server\150\Tools\Binn\;C:\Program Files\Microsoft SQL Server\Client SDK\ODBC\170\Tools\Binn\;C:\Program Files (x86)\Microsoft SQL Server\150\DTS\Binn\;C:\Program Files\Azure Data Studio\bin;C:\Users\user\AppData\Local\Microsoft\WindowsApps;;C:\Users\user\AppData\Local\Programs\Microsoft VS Code\bin;C:\Users\user\AppData\Roaming\npm;C:\Users\user\.dotnet\tools;C:\Program Files\Azure Data Studio\bin
USERNAME=user
OS=Windows_NT
PROCESSOR_IDENTIFIER=Intel64 Family 6 Model 58 Stepping 9, GenuineIntel



---------------  S Y S T E M  ---------------

OS: Windows 10 , 64 bit Build 19041 (10.0.19041.1806)
OS uptime: 0 days 0:15 hours

CPU:total 4 (initial active 4) (2 cores per cpu, 2 threads per core) family 6 model 58 stepping 9 microcode 0x21, cmov, cx8, fxsr, mmx, sse, sse2, sse3, ssse3, sse4.1, sse4.2, popcnt, avx, clmul, erms, ht, tsc, tscinvbit, tscinv

Memory: 4k page, system-wide physical 8068M (2945M free)
TotalPageFile size 9348M (AvailPageFile size 4540M)
current process WorkingSet (physical memory assigned to process): 506M, peak: 506M
current process commit charge ("private bytes"): 531M, peak: 531M

vm_info: OpenJDK 64-Bit Server VM (11.0.12+7-b1504.28-7817840) for windows-amd64 JRE (11.0.12+7-b1504.28-7817840), built on Oct 13 2021 22:12:33 by "builder" with MS VC++ 14.0 (VS2015)

END.
